// ■■■■■■■■■■ [2017/11/22 11:45:29] ■■■■■■■■■■ //


// ---------- [错误信息] ---------- //

信息: ORA-00001: 违反唯一约束条件 (XNYSB.SYS_ROLE_PK)
帮助链接: None
对象: Oracle Data Provider for .NET, Managed Driver
堆栈:
   at OracleInternal.ServiceObjects.OracleCommandImpl.VerifyExecution(OracleConnectionImpl connectionImpl, Int32& cursorId, Boolean bThrowArrayBindRelatedErrors, OracleException& exceptionForArrayBindDML, Boolean& hasMoreRowsInDB, Boolean bFirstIterationDone)
   at OracleInternal.ServiceObjects.OracleCommandImpl.VerifyExecution(OracleConnectionImpl connectionImpl, Int32& cursorId, Boolean bThrowArrayBindRelatedErrors, OracleException& exceptionForArrayBindDML, Boolean bFirstIterationDone)
   at OracleInternal.ServiceObjects.OracleCommandImpl.ExecuteNonQuery(String commandText, OracleParameterCollection paramColl, CommandType commandType, OracleConnectionImpl connectionImpl, Int32 longFetchSize, Int32 lobPrefetchSize, OracleDependencyImpl orclDependencyImpl, Int64[]& scnFromExecution, OracleParameterCollection& bindByPositionParamColl, Boolean& bBindParamPresent, Boolean isFromEF)
   at Oracle.ManagedDataAccess.Client.OracleCommand.ExecuteNonQuery()
   at Catarc.Adc.NewEnergyApproveSys.DBUtils.OracleHelper.ExecuteNonQuery(String connectionString, String cmdText, OracleParameter[] commandParameters) in D:\Project Codes\新能源汽车清算审核系统\src\Catarc.Adc.NewEnergyApproveSys\Catarc.Adc.NewEnergyApproveSys\DBUtils\OracleHelper.cs:line 32
   at Catarc.Adc.NewEnergyApproveSys.Form_SysManage.RoleForm.btnSave_ItemClick(Object sender, ItemClickEventArgs e) in D:\Project Codes\新能源汽车清算审核系统\src\Catarc.Adc.NewEnergyApproveSys\Catarc.Adc.NewEnergyApproveSys\Form_SysManage\RoleForm.cs:line 46
   at DevExpress.XtraBars.BarItem.OnClick(BarItemLink link)
   at DevExpress.XtraBars.BarBaseButtonItem.OnClick(BarItemLink link)
   at DevExpress.XtraBars.BarItemLink.OnLinkClick()
   at DevExpress.XtraBars.BarItemLink.OnLinkAction(BarLinkAction action, Object actionArgs)
   at DevExpress.XtraBars.BarButtonItemLink.OnLinkAction(BarLinkAction action, Object actionArgs)
   at DevExpress.XtraBars.BarItemLink.OnLinkActionCore(BarLinkAction action, Object actionArgs)
   at DevExpress.XtraBars.ViewInfo.BarSelectionInfo.ClickLink(BarItemLink link)
   at DevExpress.XtraBars.ViewInfo.BarSelectionInfo.UnPressLink(BarItemLink link)
   at DevExpress.XtraBars.Ribbon.Handler.BaseRibbonHandler.OnUnPressItem(DXMouseEventArgs e, RibbonHitInfo hitInfo)
   at DevExpress.XtraBars.Ribbon.Handler.BaseRibbonHandler.OnUnPress(DXMouseEventArgs e, RibbonHitInfo hitInfo)
   at DevExpress.XtraBars.Ribbon.Handler.BaseRibbonHandler.OnMouseUp(DXMouseEventArgs e)
   at DevExpress.XtraBars.Ribbon.Handler.RibbonHandler.OnMouseUp(DXMouseEventArgs e)
   at DevExpress.XtraBars.Ribbon.RibbonControl.OnMouseUp(MouseEventArgs e)
   at System.Windows.Forms.Control.WmMouseUp(Message& m, MouseButtons button, Int32 clicks)
   at System.Windows.Forms.Control.WndProc(Message& m)
   at DevExpress.Utils.Controls.ControlBase.WndProc(Message& m)
   at DevExpress.XtraBars.Ribbon.RibbonControl.WndProc(Message& m)
   at System.Windows.Forms.Control.ControlNativeWindow.OnMessage(Message& m)
   at System.Windows.Forms.Control.ControlNativeWindow.WndProc(Message& m)
   at System.Windows.Forms.NativeWindow.Callback(IntPtr hWnd, Int32 msg, IntPtr wparam, IntPtr lparam)
方法: Int32 VerifyExecution(OracleInternal.ServiceObjects.OracleConnectionImpl, Int32 ByRef, Boolean, Oracle.ManagedDataAccess.Client.OracleException ByRef, Boolean ByRef, Boolean)


// ---------- [系统环境] ---------- //

当前路径: D:\Project Codes\新能源汽车清算审核系统\src\Catarc.Adc.NewEnergyApproveSys\Catarc.Adc.NewEnergyApproveSys\bin\Debug
机器名: USER-PC[user-PC]
操作系统: Microsoft Windows NT 6.1.7601 Service Pack 1
系统路径: C:\Windows\system32
用户名: user
.NET版本: 4.0.30319.42000



// ■■■■■■■■■■ [2017/11/22 11:46:12] ■■■■■■■■■■ //


// ---------- [错误信息] ---------- //

信息: ORA-00001: 违反唯一约束条件 (XNYSB.SYS_ROLE_PK)
帮助链接: None
对象: Oracle Data Provider for .NET, Managed Driver
堆栈:
   at OracleInternal.ServiceObjects.OracleCommandImpl.VerifyExecution(OracleConnectionImpl connectionImpl, Int32& cursorId, Boolean bThrowArrayBindRelatedErrors, OracleException& exceptionForArrayBindDML, Boolean& hasMoreRowsInDB, Boolean bFirstIterationDone)
   at OracleInternal.ServiceObjects.OracleCommandImpl.VerifyExecution(OracleConnectionImpl connectionImpl, Int32& cursorId, Boolean bThrowArrayBindRelatedErrors, OracleException& exceptionForArrayBindDML, Boolean bFirstIterationDone)
   at OracleInternal.ServiceObjects.OracleCommandImpl.ExecuteNonQuery(String commandText, OracleParameterCollection paramColl, CommandType commandType, OracleConnectionImpl connectionImpl, Int32 longFetchSize, Int32 lobPrefetchSize, OracleDependencyImpl orclDependencyImpl, Int64[]& scnFromExecution, OracleParameterCollection& bindByPositionParamColl, Boolean& bBindParamPresent, Boolean isFromEF)
   at Oracle.ManagedDataAccess.Client.OracleCommand.ExecuteNonQuery()
   at Catarc.Adc.NewEnergyApproveSys.DBUtils.OracleHelper.ExecuteNonQuery(String connectionString, String cmdText, OracleParameter[] commandParameters) in D:\Project Codes\新能源汽车清算审核系统\src\Catarc.Adc.NewEnergyApproveSys\Catarc.Adc.NewEnergyApproveSys\DBUtils\OracleHelper.cs:line 32
   at Catarc.Adc.NewEnergyApproveSys.Form_SysManage.RoleForm.btnSave_ItemClick(Object sender, ItemClickEventArgs e) in D:\Project Codes\新能源汽车清算审核系统\src\Catarc.Adc.NewEnergyApproveSys\Catarc.Adc.NewEnergyApproveSys\Form_SysManage\RoleForm.cs:line 46
   at DevExpress.XtraBars.BarItem.OnClick(BarItemLink link)
   at DevExpress.XtraBars.BarBaseButtonItem.OnClick(BarItemLink link)
   at DevExpress.XtraBars.BarItemLink.OnLinkClick()
   at DevExpress.XtraBars.BarItemLink.OnLinkAction(BarLinkAction action, Object actionArgs)
   at DevExpress.XtraBars.BarButtonItemLink.OnLinkAction(BarLinkAction action, Object actionArgs)
   at DevExpress.XtraBars.BarItemLink.OnLinkActionCore(BarLinkAction action, Object actionArgs)
   at DevExpress.XtraBars.ViewInfo.BarSelectionInfo.ClickLink(BarItemLink link)
   at DevExpress.XtraBars.ViewInfo.BarSelectionInfo.UnPressLink(BarItemLink link)
   at DevExpress.XtraBars.Ribbon.Handler.BaseRibbonHandler.OnUnPressItem(DXMouseEventArgs e, RibbonHitInfo hitInfo)
   at DevExpress.XtraBars.Ribbon.Handler.BaseRibbonHandler.OnUnPress(DXMouseEventArgs e, RibbonHitInfo hitInfo)
   at DevExpress.XtraBars.Ribbon.Handler.BaseRibbonHandler.OnMouseUp(DXMouseEventArgs e)
   at DevExpress.XtraBars.Ribbon.Handler.RibbonHandler.OnMouseUp(DXMouseEventArgs e)
   at DevExpress.XtraBars.Ribbon.RibbonControl.OnMouseUp(MouseEventArgs e)
   at System.Windows.Forms.Control.WmMouseUp(Message& m, MouseButtons button, Int32 clicks)
   at System.Windows.Forms.Control.WndProc(Message& m)
   at DevExpress.Utils.Controls.ControlBase.WndProc(Message& m)
   at DevExpress.XtraBars.Ribbon.RibbonControl.WndProc(Message& m)
   at System.Windows.Forms.Control.ControlNativeWindow.OnMessage(Message& m)
   at System.Windows.Forms.Control.ControlNativeWindow.WndProc(Message& m)
   at System.Windows.Forms.NativeWindow.Callback(IntPtr hWnd, Int32 msg, IntPtr wparam, IntPtr lparam)
方法: Int32 VerifyExecution(OracleInternal.ServiceObjects.OracleConnectionImpl, Int32 ByRef, Boolean, Oracle.ManagedDataAccess.Client.OracleException ByRef, Boolean ByRef, Boolean)


// ---------- [系统环境] ---------- //

当前路径: D:\Project Codes\新能源汽车清算审核系统\src\Catarc.Adc.NewEnergyApproveSys\Catarc.Adc.NewEnergyApproveSys\bin\Debug
机器名: USER-PC[user-PC]
操作系统: Microsoft Windows NT 6.1.7601 Service Pack 1
系统路径: C:\Windows\system32
用户名: user
.NET版本: 4.0.30319.42000



