18:29:15:459    VIN:LS4ASB1Z800000000 整车基础数据中不存在对应的生产OCN:ASDF
18:29:15:475    VIN:LBEMDAFC8GZ878520 燃料参数数据中不存在对应的生产OCN:HKS2
18:29:15:481    VIN:LBEMDAFC2GZ878531 燃料参数数据中不存在对应的生产OCN:H122
18:29:15:488    VIN:LBEMDAFC0GZ878575 燃料参数数据中不存在对应的生产OCN:H122
18:29:15:493    VIN:LJDGAA2C7H5502832 生产OCN:HHKS43 整车基础数据的燃料类型:汽油与燃料参数数据的燃料类型:传统能源不对应
18:29:15:513    VIN:LJDYAA29XH0563358 整车基础数据中不存在对应的生产OCN:123456
18:29:53:061    VIN:LS4ASB1Z800000000 整车基础数据中不存在对应的生产OCN:ASDF
18:29:53:066    VIN:LBEMDAFC8GZ878520 燃料参数数据中不存在对应的生产OCN:HKS2
18:29:53:071    VIN:LBEMDAFC2GZ878531 燃料参数数据中不存在对应的生产OCN:H122
18:29:53:075    VIN:LBEMDAFC0GZ878575 燃料参数数据中不存在对应的生产OCN:H122
18:29:53:080    VIN:LJDGAA2C7H5502832 生产OCN:HHKS43 整车基础数据的燃料类型:汽油与燃料参数数据的燃料类型:传统能源不对应
18:29:53:083    VIN:LJDYAA29XH0563358 整车基础数据中不存在对应的生产OCN:123456
18:37:26:395    VIN:LS4ASB1Z800000000 整车基础数据中不存在对应的生产OCN:ASDF
18:37:26:403    VIN:LBEMDAFC8GZ878520 燃料参数数据中不存在对应的生产OCN:HKS2
18:37:26:413    VIN:LBEMDAFC2GZ878531 燃料参数数据中不存在对应的生产OCN:H122
18:37:29:048    VIN:LBEMDAFC0GZ878575 燃料参数数据中不存在对应的生产OCN:H122
18:37:29:060    VIN:LJDGAA2C7H5502832 生产OCN:HHKS43 整车基础数据的燃料类型:汽油与燃料参数数据的燃料类型:传统能源不对应
18:37:29:067    VIN:LJDYAA29XH0563358 整车基础数据中不存在对应的生产OCN:123456
18:40:28:452    VIN:LS4ASB1Z800000000 整车基础数据中不存在对应的生产OCN:ASDF
18:40:28:461    VIN:LBEMDAFC8GZ878520 燃料参数数据中不存在对应的生产OCN:HKS2
18:40:28:475    VIN:LBEMDAFC2GZ878531 燃料参数数据中不存在对应的生产OCN:H122
18:40:28:488    VIN:LBEMDAFC0GZ878575 燃料参数数据中不存在对应的生产OCN:H122
18:40:28:494    VIN:LJDGAA2C7H5502832 生产OCN:HHKS43 整车基础数据的燃料类型:汽油与燃料参数数据的燃料类型:传统能源不对应
18:40:28:498    VIN:LJDYAA29XH0563358 整车基础数据中不存在对应的生产OCN:123456
18:41:30:829    VIN:LS4ASB1Z800000000 整车基础数据中不存在对应的生产OCN:ASDF
18:41:30:838    VIN:LBEMDAFC8GZ878520 燃料参数数据中不存在对应的生产OCN:HKS2
18:41:30:850    VIN:LBEMDAFC2GZ878531 燃料参数数据中不存在对应的生产OCN:H122
18:41:30:865    VIN:LBEMDAFC0GZ878575 燃料参数数据中不存在对应的生产OCN:H122
18:42:57:237    VIN:LS4ASB1Z800000000 整车基础数据中不存在对应的生产OCN:ASDF
18:42:57:246    VIN:LBEMDAFC8GZ878520 燃料参数数据中不存在对应的生产OCN:HKS2
18:42:57:253    VIN:LBEMDAFC2GZ878531 燃料参数数据中不存在对应的生产OCN:H122
18:42:57:260    VIN:LBEMDAFC0GZ878575 燃料参数数据中不存在对应的生产OCN:H122
18:42:57:597    VIN:LJDYAA29XH0563358 整车基础数据中不存在对应的生产OCN:123456
18:45:05:885    VIN:LS4ASB1Z800000000 整车基础数据中不存在对应的生产OCN:ASDF
18:45:05:894    VIN:LBEMDAFC8GZ878520 燃料参数数据中不存在对应的生产OCN:HKS2
18:45:05:907    VIN:LBEMDAFC2GZ878531 燃料参数数据中不存在对应的生产OCN:H122
18:45:05:921    VIN:LBEMDAFC0GZ878575 燃料参数数据中不存在对应的生产OCN:H122
18:45:05:925    VIN:LJDYAA29XH0563358 整车基础数据中不存在对应的生产OCN:123456
18:50:41:760    VIN:LS4ASB1Z800000000 整车基础数据中不存在对应的生产OCN:ASDF
18:50:41:769    VIN:LBEMDAFC8GZ878520 燃料参数数据中不存在对应的生产OCN:HKS2
18:50:41:783    VIN:LBEMDAFC2GZ878531 燃料参数数据中不存在对应的生产OCN:H122
18:50:41:797    VIN:LBEMDAFC0GZ878575 燃料参数数据中不存在对应的生产OCN:H122
18:50:41:801    VIN:LJDYAA29XH0563358 整车基础数据中不存在对应的生产OCN:123456
