16:57:57:076    VIN:LS4ASB1Z800000000 整车基础数据中不存在对应的生产OCN:ASDF
16:57:57:120    VIN:LBEMDAFC8GZ878520 燃料参数数据中不存在对应的生产OCN:HKS2
16:57:57:126    VIN:LBEMDAFC2GZ878531 燃料参数数据中不存在对应的生产OCN:H122
16:57:57:132    VIN:LBEMDAFC0GZ878575 燃料参数数据中不存在对应的生产OCN:H122
16:57:57:177    VIN:LJDGAA2C7H5502832 生产OCN:HHKS43 整车基础数据的燃料类型:汽油与燃料参数数据的燃料类型:传统能源不对应
16:57:57:199    VIN:LJDYAA29XH0563358 整车基础数据中不存在对应的生产OCN:123456
17:00:49:190    VIN:LS4ASB1Z800000000 整车基础数据中不存在对应的生产OCN:ASDF
17:00:49:194    VIN:LBEMDAFC8GZ878520 燃料参数数据中不存在对应的生产OCN:HKS2
17:00:49:198    VIN:LBEMDAFC2GZ878531 燃料参数数据中不存在对应的生产OCN:H122
17:00:49:203    VIN:LBEMDAFC0GZ878575 燃料参数数据中不存在对应的生产OCN:H122
17:00:49:207    VIN:LJDGAA2C7H5502832 生产OCN:HHKS43 整车基础数据的燃料类型:汽油与燃料参数数据的燃料类型:传统能源不对应
17:00:49:210    VIN:LJDYAA29XH0563358 整车基础数据中不存在对应的生产OCN:123456
17:01:28:128    VIN:LS4ASB1Z800000000 整车基础数据中不存在对应的生产OCN:ASDF
17:01:28:131    VIN:LBEMDAFC8GZ878520 燃料参数数据中不存在对应的生产OCN:HKS2
17:01:28:135    VIN:LBEMDAFC2GZ878531 燃料参数数据中不存在对应的生产OCN:H122
17:01:28:140    VIN:LBEMDAFC0GZ878575 燃料参数数据中不存在对应的生产OCN:H122
17:01:28:144    VIN:LJDGAA2C7H5502832 生产OCN:HHKS43 整车基础数据的燃料类型:汽油与燃料参数数据的燃料类型:传统能源不对应
17:01:28:148    VIN:LJDYAA29XH0563358 整车基础数据中不存在对应的生产OCN:123456
17:03:53:515    VIN:LS4ASB1Z800000000 整车基础数据中不存在对应的生产OCN:ASDF
17:03:53:519    VIN:LBEMDAFC8GZ878520 燃料参数数据中不存在对应的生产OCN:HKS2
17:03:53:523    VIN:LBEMDAFC2GZ878531 燃料参数数据中不存在对应的生产OCN:H122
17:03:53:527    VIN:LBEMDAFC0GZ878575 燃料参数数据中不存在对应的生产OCN:H122
17:03:53:532    VIN:LJDGAA2C7H5502832 生产OCN:HHKS43 整车基础数据的燃料类型:汽油与燃料参数数据的燃料类型:传统能源不对应
17:03:53:535    VIN:LJDYAA29XH0563358 整车基础数据中不存在对应的生产OCN:123456
17:06:22:596    VIN:LS4ASB1Z800000000 整车基础数据中不存在对应的生产OCN:ASDF
17:06:22:601    VIN:LBEMDAFC8GZ878520 燃料参数数据中不存在对应的生产OCN:HKS2
17:06:22:606    VIN:LBEMDAFC2GZ878531 燃料参数数据中不存在对应的生产OCN:H122
17:06:22:609    VIN:LBEMDAFC0GZ878575 燃料参数数据中不存在对应的生产OCN:H122
17:06:22:613    VIN:LJDGAA2C7H5502832 生产OCN:HHKS43 整车基础数据的燃料类型:汽油与燃料参数数据的燃料类型:传统能源不对应
17:06:22:616    VIN:LJDYAA29XH0563358 整车基础数据中不存在对应的生产OCN:123456
17:12:16:876    VIN:LS4ASB1Z800000000 整车基础数据中不存在对应的生产OCN:ASDF
17:12:16:881    VIN:LBEMDAFC8GZ878520 燃料参数数据中不存在对应的生产OCN:HKS2
17:12:16:885    VIN:LBEMDAFC2GZ878531 燃料参数数据中不存在对应的生产OCN:H122
17:12:16:889    VIN:LBEMDAFC0GZ878575 燃料参数数据中不存在对应的生产OCN:H122
17:12:16:896    VIN:LJDGAA2C7H5502832 生产OCN:HHKS43 整车基础数据的燃料类型:汽油与燃料参数数据的燃料类型:传统能源不对应
17:12:16:899    VIN:LJDYAA29XH0563358 整车基础数据中不存在对应的生产OCN:123456
17:17:30:309    VIN:LS4ASB1Z800000000 整车基础数据中不存在对应的生产OCN:ASDF
17:17:30:313    VIN:LBEMDAFC8GZ878520 燃料参数数据中不存在对应的生产OCN:HKS2
17:17:30:317    VIN:LBEMDAFC2GZ878531 燃料参数数据中不存在对应的生产OCN:H122
17:17:30:321    VIN:LBEMDAFC0GZ878575 燃料参数数据中不存在对应的生产OCN:H122
17:17:30:327    VIN:LJDGAA2C7H5502832 生产OCN:HHKS43 整车基础数据的燃料类型:汽油与燃料参数数据的燃料类型:传统能源不对应
17:17:30:330    VIN:LJDYAA29XH0563358 整车基础数据中不存在对应的生产OCN:123456
17:22:31:279    VIN:LS4ASB1Z800000000 整车基础数据中不存在对应的生产OCN:ASDF
17:22:31:291    VIN:LBEMDAFC8GZ878520 燃料参数数据中不存在对应的生产OCN:HKS2
17:22:31:299    VIN:LBEMDAFC2GZ878531 燃料参数数据中不存在对应的生产OCN:H122
17:22:31:308    VIN:LBEMDAFC0GZ878575 燃料参数数据中不存在对应的生产OCN:H122
17:22:31:316    VIN:LJDGAA2C7H5502832 生产OCN:HHKS43 整车基础数据的燃料类型:汽油与燃料参数数据的燃料类型:传统能源不对应
17:22:31:322    VIN:LJDYAA29XH0563358 整车基础数据中不存在对应的生产OCN:123456
17:32:40:029    VIN:LS4ASB1Z800000000 整车基础数据中不存在对应的生产OCN:ASDF
17:32:40:039    VIN:LBEMDAFC8GZ878520 燃料参数数据中不存在对应的生产OCN:HKS2
17:32:40:044    VIN:LBEMDAFC2GZ878531 燃料参数数据中不存在对应的生产OCN:H122
17:32:40:049    VIN:LBEMDAFC0GZ878575 燃料参数数据中不存在对应的生产OCN:H122
17:32:40:054    VIN:LJDGAA2C7H5502832 生产OCN:HHKS43 整车基础数据的燃料类型:汽油与燃料参数数据的燃料类型:传统能源不对应
17:32:40:057    VIN:LJDYAA29XH0563358 整车基础数据中不存在对应的生产OCN:123456
17:39:19:061    VIN:LS4ASB1Z800000000 整车基础数据中不存在对应的生产OCN:ASDF
17:39:19:065    VIN:LBEMDAFC8GZ878520 燃料参数数据中不存在对应的生产OCN:HKS2
17:39:19:070    VIN:LBEMDAFC2GZ878531 燃料参数数据中不存在对应的生产OCN:H122
17:39:19:076    VIN:LBEMDAFC0GZ878575 燃料参数数据中不存在对应的生产OCN:H122
17:39:19:080    VIN:LJDGAA2C7H5502832 生产OCN:HHKS43 整车基础数据的燃料类型:汽油与燃料参数数据的燃料类型:传统能源不对应
17:39:19:083    VIN:LJDYAA29XH0563358 整车基础数据中不存在对应的生产OCN:123456
