14:56:58:783    数据库分页取数耗时========：0时0分0秒
14:56:58:907    Step1：获取公告数据耗时：0时0分0秒
15:23:44:387    数据库分页取数耗时========：0时0分0秒
15:23:44:441    Step1：获取公告数据耗时：0时0分0秒
15:23:44:442    Step2：判断是否在公告中存在耗时：0时0分0秒
15:23:44:443    Step3:括号半角转全角耗时：0时0分0秒
15:23:44:448    Step4:判断与公告数据是否一致耗时：0时0分0秒
15:24:00:678    数据库分页取数耗时========：0时0分0秒
15:24:00:722    Step1：获取公告数据耗时：0时0分0秒
15:24:00:724    Step2：判断是否在公告中存在耗时：0时0分0秒
15:24:00:725    Step3:括号半角转全角耗时：0时0分0秒
15:24:00:726    Step4:判断与公告数据是否一致耗时：0时0分0秒
15:51:56:050    数据库分页取数耗时========：0时0分0秒
15:51:56:094    Step1：获取公告数据耗时：0时0分0秒
15:51:56:105    Step2：判断是否在公告中存在耗时：0时0分0秒
15:51:56:107    Step3:括号半角转全角耗时：0时0分0秒
15:51:56:120    Step4:判断与公告数据是否一致耗时：0时0分0秒
16:31:58:467    数据库分页取数耗时========：0时0分0秒
16:31:58:515    Step1：获取公告数据耗时：0时0分0秒
16:31:58:516    Step2：判断是否在公告中存在耗时：0时0分0秒
16:32:54:528    数据库分页取数耗时========：0时0分0秒
16:32:54:572    Step1：获取公告数据耗时：0时0分0秒
16:32:54:573    Step2：判断是否在公告中存在耗时：0时0分0秒
16:33:09:521    数据库分页取数耗时========：0时0分0秒
16:33:09:565    Step1：获取公告数据耗时：0时0分0秒
16:33:09:566    Step2：判断是否在公告中存在耗时：0时0分0秒
