08:49:35:921    数据库分页取数耗时========：0时0分0秒
08:49:36:018    Step1：获取公告数据耗时：0时0分0秒
08:49:36:067    Step2：判断是否在公告中存在耗时：0时0分0秒
11:54:26:719    数据库分页取数耗时========：0时0分0秒
11:54:33:791    数据库分页取数耗时========：0时0分0秒
11:54:54:502    数据库分页取数耗时========：0时0分0秒
11:54:56:215    数据库分页取数耗时========：0时0分0秒
11:55:44:500    数据库分页取数耗时========：0时0分0秒
11:58:31:383    数据库分页取数耗时========：0时0分0秒
11:59:05:713    数据库分页取数耗时========：0时0分0秒
11:59:17:060    数据库分页取数耗时========：0时0分0秒
13:19:02:251    数据库分页取数耗时========：0时0分0秒
13:19:28:697    数据库分页取数耗时========：0时0分8秒
13:20:29:256    数据库分页取数耗时========：0时0分9秒
13:20:37:082    数据库分页取数耗时========：0时0分2秒
13:21:57:627    数据库分页取数耗时========：0时0分1秒
13:37:22:537    数据库分页取数耗时========：0时0分8秒
13:37:34:690    数据库分页取数耗时========：0时0分3秒
13:43:50:753    数据库分页取数耗时========：0时0分9秒
13:49:11:515    数据库分页取数耗时========：0时0分7秒
13:49:30:736    数据库分页取数耗时========：0时0分2秒
13:50:37:871    数据库分页取数耗时========：0时0分0秒
14:58:03:456    数据库分页取数耗时========：0时0分1秒
15:00:19:546    数据库分页取数耗时========：0时0分1秒
15:00:31:219    数据库分页取数耗时========：0时0分1秒
15:00:41:909    数据库分页取数耗时========：0时0分1秒
15:01:05:647    数据库分页取数耗时========：0时0分2秒
15:05:46:916    数据库分页取数耗时========：0时0分1秒
15:06:59:015    数据库分页取数耗时========：0时0分5秒
15:07:17:946    数据库分页取数耗时========：0时0分0秒
15:08:18:446    数据库分页取数耗时========：0时0分0秒
15:08:43:053    数据库分页取数耗时========：0时0分0秒
15:11:49:014    数据库分页取数耗时========：0时0分0秒
15:11:56:367    数据库分页取数耗时========：0时0分0秒
15:12:18:221    数据库分页取数耗时========：0时0分0秒
15:12:55:638    数据库分页取数耗时========：0时0分0秒
15:14:17:686    数据库全部取数耗时========：0时0分2秒
15:19:08:103    数据库全部取数耗时========：0时0分0秒
15:36:51:715    数据库全部取数耗时========：0时0分0秒
15:36:55:579    数据库全部取数耗时========：0时0分0秒
15:55:16:039    数据库分页取数耗时========：0时0分0秒
15:56:40:789    数据库分页取数耗时========：0时0分0秒
16:10:08:372    数据库分页取数耗时========：0时0分0秒
16:13:29:520    数据库分页取数耗时========：0时0分0秒
16:14:03:319    数据库分页取数耗时========：0时0分0秒
16:14:08:613    数据库分页取数耗时========：0时0分0秒
16:14:09:820    数据库分页取数耗时========：0时0分0秒
16:17:27:413    数据库分页取数耗时========：0时0分0秒
16:17:40:864    数据库分页取数耗时========：0时0分0秒
16:17:50:359    数据库全部取数耗时========：0时0分0秒
16:21:26:162    数据库分页取数耗时========：0时0分0秒
16:31:44:284    数据库分页取数耗时========：0时0分0秒
16:32:23:011    数据库分页取数耗时========：0时0分0秒
16:32:38:078    数据库分页取数耗时========：0时0分0秒
16:32:46:483    数据库全部取数耗时========：0时0分0秒
16:50:17:050    数据库分页取数耗时========：0时0分0秒
16:50:17:573    数据库分页取数耗时========：0时0分0秒
16:56:42:975    数据库分页取数耗时========：0时0分0秒
17:58:11:332    数据库分页取数耗时========：0时0分0秒
17:58:21:737    数据库分页取数耗时========：0时0分0秒
17:58:44:335    数据库分页取数耗时========：0时0分0秒
17:58:47:873    数据库分页取数耗时========：0时0分0秒
17:58:56:562    数据库分页取数耗时========：0时0分0秒
20:04:45:617    数据库分页取数耗时========：0时0分0秒
20:04:45:698    Step1：获取公告数据耗时：0时0分0秒
20:05:09:698    数据库分页取数耗时========：0时0分0秒
20:05:09:737    Step1：获取公告数据耗时：0时0分0秒
20:05:09:739    Step2：判断是否在公告中存在耗时：0时0分0秒
20:07:51:571    数据库分页取数耗时========：0时0分0秒
20:07:51:625    Step1：获取公告数据耗时：0时0分0秒
20:07:51:627    Step2：判断是否在公告中存在耗时：0时0分0秒
20:07:51:629    Step3:括号半角转全角耗时：0时0分0秒
20:07:51:659    Step4:判断与公告数据是否一致耗时：0时0分0秒
