08:47:40:380    数据库分页取数耗时========：0时0分0秒
08:47:40:438    Step1：获取公告数据耗时：0时0分0秒
08:47:40:445    Step2：判断是否在公告中存在耗时：0时0分0秒
08:47:40:450    Step3:括号半角转全角耗时：0时0分0秒
08:47:40:466    Step4:判断与公告数据是否一致耗时：0时0分0秒
09:36:53:804    数据库分页取数耗时========：0时0分0秒
09:36:56:729    Step1：获取公告数据耗时：0时0分0秒
09:36:56:733    Step2：判断是否在公告中存在耗时：0时0分0秒
09:36:56:738    Step3:括号半角转全角耗时：0时0分0秒
09:36:56:745    Step4:判断与公告数据是否一致耗时：0时0分0秒
09:38:00:108    数据库分页取数耗时========：0时0分0秒
09:38:17:856    Step1：获取公告数据耗时：0时0分11秒
09:38:26:180    Step2：判断是否在公告中存在耗时：0时0分5秒
09:38:35:017    Step3:括号半角转全角耗时：0时0分20秒
09:40:39:496    Step4:判断与公告数据是否一致耗时：0时2分8秒
09:43:05:242    数据库分页取数耗时========：0时0分0秒
09:43:05:313    Step1：获取公告数据耗时：0时0分0秒
09:43:05:315    Step2：判断是否在公告中存在耗时：0时0分0秒
09:43:05:318    Step3:括号半角转全角耗时：0时0分0秒
09:43:05:321    Step4:判断与公告数据是否一致耗时：0时0分0秒
09:46:25:705    数据库分页取数耗时========：0时0分0秒
09:46:25:755    Step1：获取公告数据耗时：0时0分0秒
09:46:25:755    Step2：判断是否在公告中存在耗时：0时0分0秒
09:46:25:756    Step3:括号半角转全角耗时：0时0分0秒
09:46:25:757    Step4:判断与公告数据是否一致耗时：0时0分0秒
10:05:22:804    数据库分页取数耗时========：0时0分0秒
10:05:22:855    Step1：获取公告数据耗时：0时0分0秒
10:05:22:866    Step2：判断是否在公告中存在耗时：0时0分0秒
10:05:22:874    Step3:括号半角转全角耗时：0时0分0秒
10:05:22:888    Step4:判断与公告数据是否一致耗时：0时0分0秒
10:05:52:362    数据库分页取数耗时========：0时0分0秒
10:05:52:410    Step1：获取公告数据耗时：0时0分0秒
10:05:52:412    Step2：判断是否在公告中存在耗时：0时0分0秒
10:05:52:413    Step3:括号半角转全角耗时：0时0分0秒
10:05:52:416    Step4:判断与公告数据是否一致耗时：0时0分0秒
10:13:43:928    数据库分页取数耗时========：0时0分0秒
10:13:43:978    Step1：获取公告数据耗时：0时0分0秒
10:13:43:980    Step2：判断是否在公告中存在耗时：0时0分0秒
10:13:43:982    Step3:括号半角转全角耗时：0时0分0秒
10:13:43:988    Step4:判断与公告数据是否一致耗时：0时0分0秒
10:14:11:353    数据库分页取数耗时========：0时0分0秒
10:14:11:396    Step1：获取公告数据耗时：0时0分0秒
10:14:11:397    Step2：判断是否在公告中存在耗时：0时0分0秒
10:14:11:398    Step3:括号半角转全角耗时：0时0分0秒
10:14:11:398    Step4:判断与公告数据是否一致耗时：0时0分0秒
10:14:36:893    数据库分页取数耗时========：0时0分0秒
10:14:36:957    Step1：获取公告数据耗时：0时0分0秒
10:14:36:958    Step2：判断是否在公告中存在耗时：0时0分0秒
10:14:36:960    Step3:括号半角转全角耗时：0时0分0秒
10:14:36:962    Step4:判断与公告数据是否一致耗时：0时0分0秒
10:15:09:716    数据库分页取数耗时========：0时0分0秒
10:15:09:773    Step1：获取公告数据耗时：0时0分0秒
10:15:09:775    Step2：判断是否在公告中存在耗时：0时0分0秒
10:15:09:777    Step3:括号半角转全角耗时：0时0分0秒
10:15:09:780    Step4:判断与公告数据是否一致耗时：0时0分0秒
10:15:30:268    数据库分页取数耗时========：0时0分0秒
10:15:30:309    Step1：获取公告数据耗时：0时0分0秒
10:15:30:309    Step2：判断是否在公告中存在耗时：0时0分0秒
10:15:30:310    Step3:括号半角转全角耗时：0时0分0秒
10:15:30:311    Step4:判断与公告数据是否一致耗时：0时0分0秒
10:15:46:694    数据库分页取数耗时========：0时0分0秒
10:15:46:733    Step1：获取公告数据耗时：0时0分0秒
10:15:46:735    Step2：判断是否在公告中存在耗时：0时0分0秒
10:15:46:737    Step3:括号半角转全角耗时：0时0分0秒
10:15:46:739    Step4:判断与公告数据是否一致耗时：0时0分0秒
10:32:08:058    数据库分页取数耗时========：0时0分0秒
10:32:08:107    Step1：获取公告数据耗时：0时0分0秒
10:32:08:110    Step2：判断是否在公告中存在耗时：0时0分0秒
10:32:08:112    Step3:括号半角转全角耗时：0时0分0秒
10:32:08:117    Step4:判断与公告数据是否一致耗时：0时0分0秒
10:33:56:286    数据库分页取数耗时========：0时0分0秒
10:33:56:330    Step1：获取公告数据耗时：0时0分0秒
10:33:56:332    Step2：判断是否在公告中存在耗时：0时0分0秒
10:33:56:333    Step3:括号半角转全角耗时：0时0分0秒
10:33:56:335    Step4:判断与公告数据是否一致耗时：0时0分0秒
11:41:02:598    数据库分页取数耗时========：0时0分0秒
11:47:35:054    数据库分页取数耗时========：0时0分0秒
11:50:29:674    数据库分页取数耗时========：0时0分0秒
11:51:59:111    数据库分页取数耗时========：0时0分0秒
11:53:15:978    数据库分页取数耗时========：0时0分0秒
16:42:29:142    数据库分页取数耗时========：0时0分0秒
16:42:50:107    数据库分页取数耗时========：0时0分0秒
