09:37:21:838    Step1：校验模板,看是否齐全，并修改附件中图片后缀耗时：0时0分0秒
09:37:30:520    Step2：统一图片后缀为.jpg，拷贝缩略图耗时：0时0分8秒
09:37:31:619    Step3：读取模板，按照固定的行列读取耗时：0时0分1秒
09:37:31:818    Step4：分析模板，看附件2*.xlsx对应的车牌在附件3*.xlsx中是否存在耗时：0时0分8秒
09:37:31:885    Step5：检验VIN、车辆牌照是否在系统中已存在耗时：0时0分1秒
09:37:33:140    Step6：插入数据耗时==========：0时0分10秒
09:46:11:667    Step1：校验模板,看是否齐全，并修改附件中图片后缀耗时：0时0分0秒
09:46:13:314    Step2：统一图片后缀为.jpg，拷贝缩略图耗时：0时0分1秒
09:46:13:947    Step3：读取模板，按照固定的行列读取耗时：0时0分0秒
09:46:14:003    Step4：分析模板，看附件2*.xlsx对应的车牌在附件3*.xlsx中是否存在耗时：0时0分1秒
09:46:14:102    Step5：检验VIN、车辆牌照是否在系统中已存在耗时：0时0分0秒
09:46:36:923    Step1：校验模板,看是否齐全，并修改附件中图片后缀耗时：0时0分0秒
09:46:37:036    Step2：统一图片后缀为.jpg，拷贝缩略图耗时：0时0分0秒
09:46:37:288    Step3：读取模板，按照固定的行列读取耗时：0时0分0秒
09:46:37:309    Step4：分析模板，看附件2*.xlsx对应的车牌在附件3*.xlsx中是否存在耗时：0时0分0秒
09:46:37:401    Step5：检验VIN、车辆牌照是否在系统中已存在耗时：0时0分0秒
09:46:37:548    Step6：插入数据耗时==========：0时0分0秒
10:26:50:886    Step1：校验模板,看是否齐全，并修改附件中图片后缀耗时：0时0分0秒
10:26:50:891    Step2：统一图片后缀为.jpg，拷贝缩略图耗时：0时0分0秒
10:26:51:242    Step3：读取模板，按照固定的行列读取耗时：0时0分0秒
10:26:51:254    Step4：分析模板，看附件2*.xlsx对应的车牌在附件3*.xlsx中是否存在耗时：0时0分0秒
10:26:51:296    Step5：检验VIN、车辆牌照是否在系统中已存在耗时：0时0分0秒
10:26:51:637    Step6：插入数据耗时==========：0时0分0秒
10:27:01:893    Step1：校验模板,看是否齐全，并修改附件中图片后缀耗时：0时0分0秒
10:27:01:935    Step2：统一图片后缀为.jpg，拷贝缩略图耗时：0时0分0秒
10:27:02:108    Step3：读取模板，按照固定的行列读取耗时：0时0分0秒
10:27:02:112    Step4：分析模板，看附件2*.xlsx对应的车牌在附件3*.xlsx中是否存在耗时：0时0分0秒
10:27:02:157    Step5：检验VIN、车辆牌照是否在系统中已存在耗时：0时0分0秒
10:27:02:248    Step6：插入数据耗时==========：0时0分0秒
10:27:11:458    Step1：校验模板,看是否齐全，并修改附件中图片后缀耗时：0时0分0秒
10:27:13:232    Step2：统一图片后缀为.jpg，拷贝缩略图耗时：0时0分1秒
10:27:13:797    Step3：读取模板，按照固定的行列读取耗时：0时0分0秒
10:27:13:848    Step4：分析模板，看附件2*.xlsx对应的车牌在附件3*.xlsx中是否存在耗时：0时0分1秒
10:27:13:914    Step5：检验VIN、车辆牌照是否在系统中已存在耗时：0时0分0秒
10:27:15:049    Step6：插入数据耗时==========：0时0分2秒
