14:16:17:367    Step1：校验模板,看是否齐全，并修改附件中图片后缀耗时：0时0分0秒
14:16:17:545    Step2：统一图片后缀为.jpg，拷贝缩略图耗时：0时0分0秒
14:16:18:241    Step3：读取模板，按照固定的行列读取耗时：0时0分0秒
14:16:18:342    Step4：分析模板，看附件2*.xlsx对应的车牌在附件3*.xlsx中是否存在耗时：0时0分0秒
14:16:18:392    Step5：检验VIN、车辆牌照是否在系统中已存在耗时：0时0分0秒
14:16:18:733    Step6：插入数据耗时==========：0时0分0秒
14:18:25:231    Step1：校验模板,看是否齐全，并修改附件中图片后缀耗时：0时0分0秒
14:18:25:278    Step2：统一图片后缀为.jpg，拷贝缩略图耗时：0时0分0秒
14:18:25:570    Step3：读取模板，按照固定的行列读取耗时：0时0分0秒
14:18:25:593    Step4：分析模板，看附件2*.xlsx对应的车牌在附件3*.xlsx中是否存在耗时：0时0分0秒
14:18:25:639    Step5：检验VIN、车辆牌照是否在系统中已存在耗时：0时0分0秒
14:18:25:756    Step6：插入数据耗时==========：0时0分0秒
14:28:47:421    Step1：校验模板,看是否齐全，并修改附件中图片后缀耗时：0时0分0秒
14:28:47:447    Step2：统一图片后缀为.jpg，拷贝缩略图耗时：0时0分0秒
14:28:47:631    Step3：读取模板，按照固定的行列读取耗时：0时0分0秒
14:28:47:649    Step4：分析模板，看附件2*.xlsx对应的车牌在附件3*.xlsx中是否存在耗时：0时0分0秒
14:28:47:697    Step5：检验VIN、车辆牌照是否在系统中已存在耗时：0时0分0秒
14:28:47:837    Step6：插入数据耗时==========：0时0分0秒
14:32:09:846    Step1：校验模板,看是否齐全，并修改附件中图片后缀耗时：0时0分0秒
14:32:09:864    Step2：统一图片后缀为.jpg，拷贝缩略图耗时：0时0分0秒
14:32:10:055    Step3：读取模板，按照固定的行列读取耗时：0时0分0秒
14:32:10:063    Step4：分析模板，看附件2*.xlsx对应的车牌在附件3*.xlsx中是否存在耗时：0时0分0秒
14:32:10:101    Step5：检验VIN、车辆牌照是否在系统中已存在耗时：0时0分0秒
14:32:10:255    Step6：插入数据耗时==========：0时0分0秒
14:35:34:921    Step1：校验模板,看是否齐全，并修改附件中图片后缀耗时：0时0分0秒
14:35:34:967    Step2：统一图片后缀为.jpg，拷贝缩略图耗时：0时0分0秒
14:35:35:159    Step3：读取模板，按照固定的行列读取耗时：0时0分0秒
14:35:35:167    Step4：分析模板，看附件2*.xlsx对应的车牌在附件3*.xlsx中是否存在耗时：0时0分0秒
14:35:35:206    Step5：检验VIN、车辆牌照是否在系统中已存在耗时：0时0分0秒
14:35:35:309    Step6：插入数据耗时==========：0时0分0秒
