17:48:32:630    Step1：校验模板,看是否齐全，并修改附件中图片后缀耗时：0时0分0秒
17:48:32:676    Step2：统一图片后缀为.jpg，拷贝缩略图耗时：0时0分0秒
17:48:32:887    Step3：读取模板，按照固定的行列读取耗时：0时0分0秒
17:48:32:894    Step4：分析模板，看附件2*.xlsx对应的车牌在附件3*.xlsx中是否存在耗时：0时0分0秒
17:48:32:932    Step5：检验VIN、车辆牌照是否在系统中已存在耗时：0时0分0秒
17:48:33:065    Step6：插入数据耗时==========：0时0分0秒
17:50:47:976    Step1：校验模板,看是否齐全，并修改附件中图片后缀耗时：0时0分0秒
17:50:47:995    Step2：统一图片后缀为.jpg，拷贝缩略图耗时：0时0分0秒
17:50:48:176    Step3：读取模板，按照固定的行列读取耗时：0时0分0秒
17:50:48:206    Step4：分析模板，看附件2*.xlsx对应的车牌在附件3*.xlsx中是否存在耗时：0时0分0秒
17:50:48:244    Step5：检验VIN、车辆牌照是否在系统中已存在耗时：0时0分0秒
17:50:48:334    Step6：插入数据耗时==========：0时0分0秒
17:52:39:391    Step1：校验模板,看是否齐全，并修改附件中图片后缀耗时：0时0分0秒
17:52:39:414    Step2：统一图片后缀为.jpg，拷贝缩略图耗时：0时0分0秒
17:52:39:618    Step3：读取模板，按照固定的行列读取耗时：0时0分0秒
17:52:39:635    Step4：分析模板，看附件2*.xlsx对应的车牌在附件3*.xlsx中是否存在耗时：0时0分0秒
17:52:39:674    Step5：检验VIN、车辆牌照是否在系统中已存在耗时：0时0分0秒
17:52:39:765    Step6：插入数据耗时==========：0时0分0秒
17:53:17:833    Step1：校验模板,看是否齐全，并修改附件中图片后缀耗时：0时0分0秒
17:53:17:849    Step2：统一图片后缀为.jpg，拷贝缩略图耗时：0时0分0秒
17:53:18:039    Step3：读取模板，按照固定的行列读取耗时：0时0分0秒
17:53:18:046    Step4：分析模板，看附件2*.xlsx对应的车牌在附件3*.xlsx中是否存在耗时：0时0分0秒
17:53:18:084    Step5：检验VIN、车辆牌照是否在系统中已存在耗时：0时0分0秒
17:53:18:287    Step6：插入数据耗时==========：0时0分0秒
17:53:32:167    Step1：校验模板,看是否齐全，并修改附件中图片后缀耗时：0时0分0秒
17:53:32:200    Step2：统一图片后缀为.jpg，拷贝缩略图耗时：0时0分0秒
17:53:37:443    Step1：校验模板,看是否齐全，并修改附件中图片后缀耗时：0时0分0秒
17:53:37:481    Step2：统一图片后缀为.jpg，拷贝缩略图耗时：0时0分0秒
17:53:37:621    Step3：读取模板，按照固定的行列读取耗时：0时0分0秒
17:53:37:621    Step4：分析模板，看附件2*.xlsx对应的车牌在附件3*.xlsx中是否存在耗时：0时0分0秒
17:53:37:655    Step5：检验VIN、车辆牌照是否在系统中已存在耗时：0时0分0秒
17:53:37:742    Step6：插入数据耗时==========：0时0分0秒
17:54:27:274    Step1：校验模板,看是否齐全，并修改附件中图片后缀耗时：0时0分0秒
17:54:27:306    Step2：统一图片后缀为.jpg，拷贝缩略图耗时：0时0分0秒
17:54:27:477    Step3：读取模板，按照固定的行列读取耗时：0时0分0秒
17:54:27:484    Step4：分析模板，看附件2*.xlsx对应的车牌在附件3*.xlsx中是否存在耗时：0时0分0秒
17:54:27:521    Step5：检验VIN、车辆牌照是否在系统中已存在耗时：0时0分0秒
17:54:27:609    Step6：插入数据耗时==========：0时0分0秒
17:56:21:841    Step1：校验模板,看是否齐全，并修改附件中图片后缀耗时：0时0分0秒
17:56:21:865    Step2：统一图片后缀为.jpg，拷贝缩略图耗时：0时0分0秒
17:56:22:044    Step3：读取模板，按照固定的行列读取耗时：0时0分0秒
17:56:22:051    Step4：分析模板，看附件2*.xlsx对应的车牌在附件3*.xlsx中是否存在耗时：0时0分0秒
17:56:22:088    Step5：检验VIN、车辆牌照是否在系统中已存在耗时：0时0分0秒
17:56:22:175    Step6：插入数据耗时==========：0时0分0秒
17:59:10:118    Step1：校验模板,看是否齐全，并修改附件中图片后缀耗时：0时0分0秒
17:59:10:135    Step2：统一图片后缀为.jpg，拷贝缩略图耗时：0时0分0秒
17:59:10:312    Step3：读取模板，按照固定的行列读取耗时：0时0分0秒
17:59:10:342    Step4：分析模板，看附件2*.xlsx对应的车牌在附件3*.xlsx中是否存在耗时：0时0分0秒
17:59:10:384    Step5：检验VIN、车辆牌照是否在系统中已存在耗时：0时0分0秒
17:59:10:503    Step6：插入数据耗时==========：0时0分0秒
18:08:41:121    Step1：校验模板,看是否齐全，并修改附件中图片后缀耗时：0时0分0秒
18:08:41:124    Step2：统一图片后缀为.jpg，拷贝缩略图耗时：0时0分0秒
18:08:41:302    Step3：读取模板，按照固定的行列读取耗时：0时0分0秒
18:08:41:320    Step4：分析模板，看附件2*.xlsx对应的车牌在附件3*.xlsx中是否存在耗时：0时0分0秒
18:08:41:365    Step5：检验VIN、车辆牌照是否在系统中已存在耗时：0时0分0秒
18:08:41:457    Step6：插入数据耗时==========：0时0分0秒
18:41:29:360    Step1：校验模板,看是否齐全，并修改附件中图片后缀耗时：0时0分0秒
18:41:29:363    Step2：统一图片后缀为.jpg，拷贝缩略图耗时：0时0分0秒
18:41:29:546    Step3：读取模板，按照固定的行列读取耗时：0时0分0秒
18:41:29:566    Step4：分析模板，看附件2*.xlsx对应的车牌在附件3*.xlsx中是否存在耗时：0时0分0秒
18:41:29:608    Step5：检验VIN、车辆牌照是否在系统中已存在耗时：0时0分0秒
18:41:29:729    Step6：插入数据耗时==========：0时0分0秒
18:45:45:240    Step1：校验模板,看是否齐全，并修改附件中图片后缀耗时：0时0分0秒
18:45:45:247    Step2：统一图片后缀为.jpg，拷贝缩略图耗时：0时0分0秒
18:45:45:395    Step3：读取模板，按照固定的行列读取耗时：0时0分0秒
18:45:45:396    Step4：分析模板，看附件2*.xlsx对应的车牌在附件3*.xlsx中是否存在耗时：0时0分0秒
18:45:45:430    Step5：检验VIN、车辆牌照是否在系统中已存在耗时：0时0分0秒
18:45:45:499    Step6：插入数据耗时==========：0时0分0秒
18:54:05:596    Step1：校验模板,看是否齐全，并修改附件中图片后缀耗时：0时0分0秒
18:54:05:598    Step2：统一图片后缀为.jpg，拷贝缩略图耗时：0时0分0秒
18:54:05:738    Step3：读取模板，按照固定的行列读取耗时：0时0分0秒
18:54:05:739    Step4：分析模板，看附件2*.xlsx对应的车牌在附件3*.xlsx中是否存在耗时：0时0分0秒
18:54:05:774    Step5：检验VIN、车辆牌照是否在系统中已存在耗时：0时0分0秒
18:54:05:846    Step6：插入数据耗时==========：0时0分0秒
