15:23:41:911    Step1：校验模板,看是否齐全，并修改附件中图片后缀耗时：0时0分0秒
15:23:42:113    Step2：统一图片后缀为.jpg，拷贝缩略图耗时：0时0分0秒
15:23:42:510    Step3：读取模板，按照固定的行列读取耗时：0时0分0秒
15:23:42:561    Step4：分析模板，看附件2*.xlsx对应的车牌在附件3*.xlsx中是否存在耗时：0时0分0秒
15:23:42:609    Step5：检验VIN、车辆牌照是否在系统中已存在耗时：0时0分0秒
15:23:42:783    Step6：插入数据耗时==========：0时0分0秒
16:31:55:076    Step1：校验模板,看是否齐全，并修改附件中图片后缀耗时：0时0分0秒
16:31:55:108    Step2：统一图片后缀为.jpg，拷贝缩略图耗时：0时0分0秒
16:31:55:818    Step3：读取模板，按照固定的行列读取耗时：0时0分0秒
16:31:55:830    Step4：分析模板，看附件2*.xlsx对应的车牌在附件3*.xlsx中是否存在耗时：0时0分0秒
16:31:55:870    Step5：检验VIN、车辆牌照是否在系统中已存在耗时：0时0分0秒
16:32:05:871    Step1：校验模板,看是否齐全，并修改附件中图片后缀耗时：0时0分0秒
16:32:05:886    Step2：统一图片后缀为.jpg，拷贝缩略图耗时：0时0分0秒
16:32:06:027    Step3：读取模板，按照固定的行列读取耗时：0时0分0秒
16:32:06:028    Step4：分析模板，看附件2*.xlsx对应的车牌在附件3*.xlsx中是否存在耗时：0时0分0秒
16:32:06:064    Step5：检验VIN、车辆牌照是否在系统中已存在耗时：0时0分0秒
16:33:06:749    Step1：校验模板,看是否齐全，并修改附件中图片后缀耗时：0时0分0秒
16:33:06:781    Step2：统一图片后缀为.jpg，拷贝缩略图耗时：0时0分0秒
16:33:06:968    Step3：读取模板，按照固定的行列读取耗时：0时0分0秒
16:33:06:974    Step4：分析模板，看附件2*.xlsx对应的车牌在附件3*.xlsx中是否存在耗时：0时0分0秒
16:33:07:014    Step5：检验VIN、车辆牌照是否在系统中已存在耗时：0时0分0秒
