10:25:26:166    Step1：校验模板,看是否齐全，并修改附件中图片后缀耗时：0时0分0秒
10:25:35:776    Step2：统一图片后缀为.jpg，拷贝缩略图耗时：0时0分9秒
10:25:37:418    Step3：读取模板，按照固定的行列读取耗时：0时0分1秒
10:25:37:585    Step4：分析模板，看附件2*.xlsx对应的车牌在附件3*.xlsx中是否存在耗时：0时0分9秒
10:25:37:642    Step5：检验VIN、车辆牌照是否在系统中已存在耗时：0时0分1秒
10:25:38:938    Step6：插入数据耗时==========：0时0分11秒
13:43:45:191    Step1：校验模板,看是否齐全，并修改附件中图片后缀耗时：0时0分0秒
13:43:45:526    Step2：统一图片后缀为.jpg，拷贝缩略图耗时：0时0分0秒
13:43:46:090    Step3：读取模板，按照固定的行列读取耗时：0时0分0秒
13:43:46:171    Step4：分析模板，看附件2*.xlsx对应的车牌在附件3*.xlsx中是否存在耗时：0时0分0秒
13:43:46:228    Step5：检验VIN、车辆牌照是否在系统中已存在耗时：0时0分0秒
13:43:46:494    Step6：插入数据耗时==========：0时0分0秒
13:44:38:336    Step1：校验模板,看是否齐全，并修改附件中图片后缀耗时：0时0分0秒
13:44:38:500    Step2：统一图片后缀为.jpg，拷贝缩略图耗时：0时0分0秒
13:44:38:649    Step3：读取模板，按照固定的行列读取耗时：0时0分0秒
13:44:38:650    Step4：分析模板，看附件2*.xlsx对应的车牌在附件3*.xlsx中是否存在耗时：0时0分0秒
13:44:38:685    Step5：检验VIN、车辆牌照是否在系统中已存在耗时：0时0分0秒
13:44:38:844    Step6：插入数据耗时==========：0时0分0秒
13:45:27:252    Step1：校验模板,看是否齐全，并修改附件中图片后缀耗时：0时0分0秒
13:45:27:321    Step2：统一图片后缀为.jpg，拷贝缩略图耗时：0时0分0秒
13:45:27:507    Step3：读取模板，按照固定的行列读取耗时：0时0分0秒
13:45:27:516    Step4：分析模板，看附件2*.xlsx对应的车牌在附件3*.xlsx中是否存在耗时：0时0分0秒
13:45:27:556    Step5：检验VIN、车辆牌照是否在系统中已存在耗时：0时0分0秒
13:45:43:663    Step6：插入数据耗时==========：0时0分16秒
13:46:22:100    Step1：校验模板,看是否齐全，并修改附件中图片后缀耗时：0时0分0秒
13:46:22:122    Step2：统一图片后缀为.jpg，拷贝缩略图耗时：0时0分0秒
13:46:22:330    Step3：读取模板，按照固定的行列读取耗时：0时0分0秒
13:46:22:331    Step4：分析模板，看附件2*.xlsx对应的车牌在附件3*.xlsx中是否存在耗时：0时0分0秒
13:46:22:365    Step5：检验VIN、车辆牌照是否在系统中已存在耗时：0时0分0秒
13:46:22:453    Step6：插入数据耗时==========：0时0分0秒
13:48:27:051    Step1：校验模板,看是否齐全，并修改附件中图片后缀耗时：0时0分0秒
13:48:27:229    Step2：统一图片后缀为.jpg，拷贝缩略图耗时：0时0分0秒
13:48:27:419    Step3：读取模板，按照固定的行列读取耗时：0时0分0秒
13:48:27:444    Step4：分析模板，看附件2*.xlsx对应的车牌在附件3*.xlsx中是否存在耗时：0时0分0秒
13:48:27:487    Step5：检验VIN、车辆牌照是否在系统中已存在耗时：0时0分0秒
13:48:27:678    Step6：插入数据耗时==========：0时0分0秒
13:49:52:072    Step1：校验模板,看是否齐全，并修改附件中图片后缀耗时：0时0分0秒
13:49:52:320    Step2：统一图片后缀为.jpg，拷贝缩略图耗时：0时0分0秒
13:49:52:389    Step3：读取模板，按照固定的行列读取耗时：0时0分0秒
13:49:52:390    Step4：分析模板，看附件2*.xlsx对应的车牌在附件3*.xlsx中是否存在耗时：0时0分0秒
13:49:52:426    Step5：检验VIN、车辆牌照是否在系统中已存在耗时：0时0分0秒
13:49:52:618    Step6：插入数据耗时==========：0时0分0秒
13:49:56:594    Step1：校验模板,看是否齐全，并修改附件中图片后缀耗时：0时0分0秒
13:49:56:604    Step2：统一图片后缀为.jpg，拷贝缩略图耗时：0时0分0秒
13:49:56:666    Step3：读取模板，按照固定的行列读取耗时：0时0分0秒
13:49:56:667    Step4：分析模板，看附件2*.xlsx对应的车牌在附件3*.xlsx中是否存在耗时：0时0分0秒
13:49:56:705    Step5：检验VIN、车辆牌照是否在系统中已存在耗时：0时0分0秒
13:49:56:795    Step6：插入数据耗时==========：0时0分0秒
13:50:02:483    Step1：校验模板,看是否齐全，并修改附件中图片后缀耗时：0时0分0秒
13:50:32:509    Step2：统一图片后缀为.jpg，拷贝缩略图耗时：0时0分30秒
13:50:33:369    Step3：读取模板，按照固定的行列读取耗时：0时0分0秒
13:50:33:423    Step4：分析模板，看附件2*.xlsx对应的车牌在附件3*.xlsx中是否存在耗时：0时0分30秒
13:50:33:471    Step5：检验VIN、车辆牌照是否在系统中已存在耗时：0时0分0秒
13:50:34:859    Step6：插入数据耗时==========：0时0分31秒
13:57:40:360    Step1：校验模板,看是否齐全，并修改附件中图片后缀耗时：0时0分0秒
13:57:47:570    Step2：统一图片后缀为.jpg，拷贝缩略图耗时：0时0分7秒
13:57:48:177    Step3：读取模板，按照固定的行列读取耗时：0时0分0秒
13:57:48:234    Step4：分析模板，看附件2*.xlsx对应的车牌在附件3*.xlsx中是否存在耗时：0时0分7秒
13:57:48:284    Step5：检验VIN、车辆牌照是否在系统中已存在耗时：0时0分0秒
13:57:53:323    Step6：插入数据耗时==========：0时0分12秒
14:04:42:047    Step1：校验模板,看是否齐全，并修改附件中图片后缀耗时：0时0分0秒
14:04:46:123    Step2：统一图片后缀为.jpg，拷贝缩略图耗时：0时0分4秒
14:04:46:798    Step3：读取模板，按照固定的行列读取耗时：0时0分0秒
14:04:46:854    Step4：分析模板，看附件2*.xlsx对应的车牌在附件3*.xlsx中是否存在耗时：0时0分4秒
14:04:46:904    Step5：检验VIN、车辆牌照是否在系统中已存在耗时：0时0分0秒
14:04:48:147    Step6：插入数据耗时==========：0时0分5秒
14:08:25:901    Step1：校验模板,看是否齐全，并修改附件中图片后缀耗时：0时0分0秒
14:08:26:061    Step2：统一图片后缀为.jpg，拷贝缩略图耗时：0时0分0秒
14:08:26:257    Step3：读取模板，按照固定的行列读取耗时：0时0分0秒
14:08:26:265    Step4：分析模板，看附件2*.xlsx对应的车牌在附件3*.xlsx中是否存在耗时：0时0分0秒
14:08:26:305    Step5：检验VIN、车辆牌照是否在系统中已存在耗时：0时0分0秒
14:08:26:454    Step6：插入数据耗时==========：0时0分0秒
14:12:44:044    Step1：校验模板,看是否齐全，并修改附件中图片后缀耗时：0时0分0秒
14:12:44:215    Step2：统一图片后缀为.jpg，拷贝缩略图耗时：0时0分0秒
14:12:44:437    Step3：读取模板，按照固定的行列读取耗时：0时0分0秒
14:12:44:445    Step4：分析模板，看附件2*.xlsx对应的车牌在附件3*.xlsx中是否存在耗时：0时0分0秒
14:12:44:488    Step5：检验VIN、车辆牌照是否在系统中已存在耗时：0时0分0秒
14:12:44:619    Step6：插入数据耗时==========：0时0分0秒
14:30:49:813    Step1：校验模板,看是否齐全，并修改附件中图片后缀耗时：0时0分0秒
14:30:49:989    Step2：统一图片后缀为.jpg，拷贝缩略图耗时：0时0分0秒
14:30:50:174    Step3：读取模板，按照固定的行列读取耗时：0时0分0秒
14:30:50:182    Step4：分析模板，看附件2*.xlsx对应的车牌在附件3*.xlsx中是否存在耗时：0时0分0秒
14:30:50:221    Step5：检验VIN、车辆牌照是否在系统中已存在耗时：0时0分0秒
14:30:50:341    Step6：插入数据耗时==========：0时0分0秒
