18:29:52:059    Step1：校验模板,看是否齐全，并修改附件中图片后缀耗时：0时0分0秒
18:30:33:402    Step2：统一图片后缀为.jpg，拷贝缩略图耗时：0时0分41秒
18:30:34:459    Step3：读取模板，按照固定的行列读取耗时：0时0分1秒
18:30:34:529    Step4：分析模板，看附件2*.xlsx对应的车牌在附件3*.xlsx中是否存在耗时：0时0分41秒
18:30:34:583    Step5：检验VIN、车辆牌照是否在系统中已存在耗时：0时0分1秒
18:30:35:790    Step6：插入数据耗时==========：0时0分42秒
18:34:39:909    Step1：校验模板,看是否齐全，并修改附件中图片后缀耗时：0时0分0秒
18:34:55:591    Step2：统一图片后缀为.jpg，拷贝缩略图耗时：0时0分15秒
18:34:56:268    Step3：读取模板，按照固定的行列读取耗时：0时0分0秒
18:34:56:370    Step4：分析模板，看附件2*.xlsx对应的车牌在附件3*.xlsx中是否存在耗时：0时0分15秒
18:34:56:426    Step5：检验VIN、车辆牌照是否在系统中已存在耗时：0时0分0秒
18:34:57:647    Step6：插入数据耗时==========：0时0分16秒
18:37:40:327    Step1：校验模板,看是否齐全，并修改附件中图片后缀耗时：0时0分0秒
18:37:55:265    Step2：统一图片后缀为.jpg，拷贝缩略图耗时：0时0分14秒
18:37:55:870    Step3：读取模板，按照固定的行列读取耗时：0时0分0秒
18:37:55:953    Step4：分析模板，看附件2*.xlsx对应的车牌在附件3*.xlsx中是否存在耗时：0时0分15秒
18:37:56:007    Step5：检验VIN、车辆牌照是否在系统中已存在耗时：0时0分0秒
18:37:57:165    Step6：插入数据耗时==========：0时0分16秒
18:44:15:628    Step1：校验模板,看是否齐全，并修改附件中图片后缀耗时：0时0分0秒
18:44:30:669    Step2：统一图片后缀为.jpg，拷贝缩略图耗时：0时0分15秒
18:44:31:324    Step3：读取模板，按照固定的行列读取耗时：0时0分0秒
18:44:31:394    Step4：分析模板，看附件2*.xlsx对应的车牌在附件3*.xlsx中是否存在耗时：0时0分15秒
18:44:31:448    Step5：检验VIN、车辆牌照是否在系统中已存在耗时：0时0分0秒
18:44:32:821    Step6：插入数据耗时==========：0时0分16秒
18:51:06:474    Step1：校验模板,看是否齐全，并修改附件中图片后缀耗时：0时0分0秒
18:51:21:371    Step2：统一图片后缀为.jpg，拷贝缩略图耗时：0时0分14秒
18:51:21:981    Step3：读取模板，按照固定的行列读取耗时：0时0分0秒
18:51:22:040    Step4：分析模板，看附件2*.xlsx对应的车牌在附件3*.xlsx中是否存在耗时：0时0分14秒
18:51:22:115    Step5：检验VIN、车辆牌照是否在系统中已存在耗时：0时0分0秒
18:51:23:299    Step6：插入数据耗时==========：0时0分16秒
18:51:32:638    Step1：校验模板,看是否齐全，并修改附件中图片后缀耗时：0时0分0秒
18:51:32:688    Step2：统一图片后缀为.jpg，拷贝缩略图耗时：0时0分0秒
18:51:32:777    Step3：读取模板，按照固定的行列读取耗时：0时0分0秒
18:51:32:784    Step4：分析模板，看附件2*.xlsx对应的车牌在附件3*.xlsx中是否存在耗时：0时0分0秒
18:51:32:873    Step5：检验VIN、车辆牌照是否在系统中已存在耗时：0时0分0秒
18:59:15:901    Step1：校验模板,看是否齐全，并修改附件中图片后缀耗时：0时0分0秒
18:59:15:946    Step2：统一图片后缀为.jpg，拷贝缩略图耗时：0时0分0秒
18:59:16:117    Step3：读取模板，按照固定的行列读取耗时：0时0分0秒
18:59:16:126    Step4：分析模板，看附件2*.xlsx对应的车牌在附件3*.xlsx中是否存在耗时：0时0分0秒
18:59:16:168    Step5：检验VIN、车辆牌照是否在系统中已存在耗时：0时0分0秒
18:59:16:334    Step6：插入数据耗时==========：0时0分0秒
