11:54:51:562    Step1：校验模板,看是否齐全，并修改附件中图片后缀耗时：0时0分0秒
11:54:51:694    Step2：统一图片后缀为.jpg，拷贝缩略图耗时：0时0分0秒
11:54:52:316    Step3：读取模板，按照固定的行列读取耗时：0时0分0秒
11:54:52:413    Step4：分析模板，看附件2*.xlsx对应的车牌在附件3*.xlsx中是否存在耗时：0时0分0秒
11:54:52:459    Step5：检验VIN、车辆牌照是否在系统中已存在耗时：0时0分0秒
11:54:52:774    Step6：插入数据耗时==========：0时0分0秒
13:20:11:367    Step1：校验模板,看是否齐全，并修改附件中图片后缀耗时：0时0分0秒
13:20:11:436    Step2：统一图片后缀为.jpg，拷贝缩略图耗时：0时0分0秒
13:20:11:731    Step3：读取模板，按照固定的行列读取耗时：0时0分0秒
13:20:11:743    Step4：分析模板，看附件2*.xlsx对应的车牌在附件3*.xlsx中是否存在耗时：0时0分0秒
13:20:11:792    Step5：检验VIN、车辆牌照是否在系统中已存在耗时：0时0分0秒
13:20:13:028    Step6：插入数据耗时==========：0时0分1秒
13:21:20:963    Step1：校验模板,看是否齐全，并修改附件中图片后缀耗时：0时0分0秒
13:21:20:989    Step2：统一图片后缀为.jpg，拷贝缩略图耗时：0时0分0秒
13:21:21:154    Step3：读取模板，按照固定的行列读取耗时：0时0分0秒
13:21:21:155    Step4：分析模板，看附件2*.xlsx对应的车牌在附件3*.xlsx中是否存在耗时：0时0分0秒
13:21:21:190    Step5：检验VIN、车辆牌照是否在系统中已存在耗时：0时0分0秒
13:21:21:282    Step6：插入数据耗时==========：0时0分0秒
13:34:26:498    Step1：校验模板,看是否齐全，并修改附件中图片后缀耗时：0时0分0秒
13:34:26:513    Step2：统一图片后缀为.jpg，拷贝缩略图耗时：0时0分0秒
13:34:36:551    Step3：读取模板，按照固定的行列读取耗时：0时0分9秒
13:34:43:064    Step4：分析模板，看附件2*.xlsx对应的车牌在附件3*.xlsx中是否存在耗时：0时0分4秒
13:34:48:718    Step5：检验VIN、车辆牌照是否在系统中已存在耗时：0时0分13秒
13:37:11:869    Step6：插入数据耗时==========：0时2分27秒
13:37:29:657    Step1：校验模板,看是否齐全，并修改附件中图片后缀耗时：0时0分0秒
13:37:29:678    Step2：统一图片后缀为.jpg，拷贝缩略图耗时：0时0分0秒
13:37:29:818    Step3：读取模板，按照固定的行列读取耗时：0时0分0秒
13:37:29:819    Step4：分析模板，看附件2*.xlsx对应的车牌在附件3*.xlsx中是否存在耗时：0时0分0秒
13:37:29:854    Step5：检验VIN、车辆牌照是否在系统中已存在耗时：0时0分0秒
13:37:29:946    Step6：插入数据耗时==========：0时0分0秒
13:37:52:895    Step1：校验模板,看是否齐全，并修改附件中图片后缀耗时：0时0分0秒
13:37:52:921    Step2：统一图片后缀为.jpg，拷贝缩略图耗时：0时0分0秒
13:37:53:065    Step3：读取模板，按照固定的行列读取耗时：0时0分0秒
13:37:53:066    Step4：分析模板，看附件2*.xlsx对应的车牌在附件3*.xlsx中是否存在耗时：0时0分0秒
13:37:53:113    Step5：检验VIN、车辆牌照是否在系统中已存在耗时：0时0分0秒
13:43:38:738    Step6：插入数据耗时==========：0时5分45秒
13:45:46:940    Step1：校验模板,看是否齐全，并修改附件中图片后缀耗时：0时0分0秒
13:45:46:978    Step2：统一图片后缀为.jpg，拷贝缩略图耗时：0时0分0秒
13:45:47:124    Step3：读取模板，按照固定的行列读取耗时：0时0分0秒
13:45:47:127    Step4：分析模板，看附件2*.xlsx对应的车牌在附件3*.xlsx中是否存在耗时：0时0分0秒
13:45:47:177    Step5：检验VIN、车辆牌照是否在系统中已存在耗时：0时0分0秒
13:50:28:670    Step1：校验模板,看是否齐全，并修改附件中图片后缀耗时：0时0分0秒
13:50:28:681    Step2：统一图片后缀为.jpg，拷贝缩略图耗时：0时0分0秒
13:50:28:949    Step3：读取模板，按照固定的行列读取耗时：0时0分0秒
13:50:28:981    Step4：分析模板，看附件2*.xlsx对应的车牌在附件3*.xlsx中是否存在耗时：0时0分0秒
13:50:29:030    Step5：检验VIN、车辆牌照是否在系统中已存在耗时：0时0分0秒
13:50:34:542    Step6：插入数据耗时==========：0时0分5秒
15:00:12:607    Step1：校验模板,看是否齐全，并修改附件中图片后缀耗时：0时0分0秒
15:00:12:628    Step2：统一图片后缀为.jpg，拷贝缩略图耗时：0时0分0秒
15:00:12:942    Step3：读取模板，按照固定的行列读取耗时：0时0分0秒
15:00:12:956    Step4：分析模板，看附件2*.xlsx对应的车牌在附件3*.xlsx中是否存在耗时：0时0分0秒
15:00:12:999    Step5：检验VIN、车辆牌照是否在系统中已存在耗时：0时0分0秒
15:00:16:136    Step6：插入数据耗时==========：0时0分3秒
15:00:37:741    Step1：校验模板,看是否齐全，并修改附件中图片后缀耗时：0时0分0秒
15:00:37:779    Step2：统一图片后缀为.jpg，拷贝缩略图耗时：0时0分0秒
15:00:38:072    Step3：读取模板，按照固定的行列读取耗时：0时0分0秒
15:00:38:082    Step4：分析模板，看附件2*.xlsx对应的车牌在附件3*.xlsx中是否存在耗时：0时0分0秒
15:00:38:131    Step5：检验VIN、车辆牌照是否在系统中已存在耗时：0时0分0秒
15:00:38:438    Step6：插入数据耗时==========：0时0分0秒
15:06:09:630    Step1：校验模板,看是否齐全，并修改附件中图片后缀耗时：0时0分0秒
15:06:49:936    Step2：统一图片后缀为.jpg，拷贝缩略图耗时：0时0分40秒
15:06:50:628    Step3：读取模板，按照固定的行列读取耗时：0时0分0秒
15:06:50:684    Step4：分析模板，看附件2*.xlsx对应的车牌在附件3*.xlsx中是否存在耗时：0时0分40秒
15:06:50:734    Step5：检验VIN、车辆牌照是否在系统中已存在耗时：0时0分0秒
15:06:51:967    Step6：插入数据耗时==========：0时0分41秒
15:11:37:469    Step1：校验模板,看是否齐全，并修改附件中图片后缀耗时：0时0分0秒
15:11:44:967    Step2：统一图片后缀为.jpg，拷贝缩略图耗时：0时0分7秒
15:11:45:563    Step3：读取模板，按照固定的行列读取耗时：0时0分0秒
15:11:45:622    Step4：分析模板，看附件2*.xlsx对应的车牌在附件3*.xlsx中是否存在耗时：0时0分7秒
15:11:45:671    Step5：检验VIN、车辆牌照是否在系统中已存在耗时：0时0分0秒
15:11:46:863    Step6：插入数据耗时==========：0时0分8秒
16:13:16:531    Step1：校验模板,看是否齐全，并修改附件中图片后缀耗时：0时0分0秒
16:13:24:619    Step2：统一图片后缀为.jpg，拷贝缩略图耗时：0时0分8秒
16:13:25:288    Step3：读取模板，按照固定的行列读取耗时：0时0分0秒
16:13:25:346    Step4：分析模板，看附件2*.xlsx对应的车牌在附件3*.xlsx中是否存在耗时：0时0分8秒
16:13:25:396    Step5：检验VIN、车辆牌照是否在系统中已存在耗时：0时0分0秒
16:13:26:601    Step6：插入数据耗时==========：0时0分9秒
16:17:33:486    Step1：校验模板,看是否齐全，并修改附件中图片后缀耗时：0时0分0秒
16:17:36:640    Step2：统一图片后缀为.jpg，拷贝缩略图耗时：0时0分3秒
16:17:37:198    Step3：读取模板，按照固定的行列读取耗时：0时0分0秒
16:17:37:250    Step4：分析模板，看附件2*.xlsx对应的车牌在附件3*.xlsx中是否存在耗时：0时0分3秒
16:17:37:299    Step5：检验VIN、车辆牌照是否在系统中已存在耗时：0时0分0秒
16:17:38:480    Step6：插入数据耗时==========：0时0分4秒
16:21:12:330    Step1：校验模板,看是否齐全，并修改附件中图片后缀耗时：0时0分0秒
16:21:21:100    Step2：统一图片后缀为.jpg，拷贝缩略图耗时：0时0分8秒
16:21:21:741    Step3：读取模板，按照固定的行列读取耗时：0时0分0秒
16:21:21:797    Step4：分析模板，看附件2*.xlsx对应的车牌在附件3*.xlsx中是否存在耗时：0时0分8秒
16:21:21:864    Step5：检验VIN、车辆牌照是否在系统中已存在耗时：0时0分0秒
16:21:23:043    Step6：插入数据耗时==========：0时0分10秒
16:32:09:537    Step1：校验模板,看是否齐全，并修改附件中图片后缀耗时：0时0分0秒
16:32:18:457    Step2：统一图片后缀为.jpg，拷贝缩略图耗时：0时0分8秒
16:32:25:494    Step1：校验模板,看是否齐全，并修改附件中图片后缀耗时：0时0分0秒
16:32:33:909    Step2：统一图片后缀为.jpg，拷贝缩略图耗时：0时0分8秒
16:32:34:498    Step3：读取模板，按照固定的行列读取耗时：0时0分0秒
16:32:34:555    Step4：分析模板，看附件2*.xlsx对应的车牌在附件3*.xlsx中是否存在耗时：0时0分8秒
16:32:34:604    Step5：检验VIN、车辆牌照是否在系统中已存在耗时：0时0分0秒
16:32:35:781    Step6：插入数据耗时==========：0时0分9秒
17:53:56:077    Step1：校验模板,看是否齐全，并修改附件中图片后缀耗时：0时0分0秒
17:54:04:219    Step2：统一图片后缀为.jpg，拷贝缩略图耗时：0时0分8秒
17:54:04:879    Step3：读取模板，按照固定的行列读取耗时：0时0分0秒
17:54:04:943    Step4：分析模板，看附件2*.xlsx对应的车牌在附件3*.xlsx中是否存在耗时：0时0分8秒
17:54:04:993    Step5：检验VIN、车辆牌照是否在系统中已存在耗时：0时0分0秒
17:54:06:208    Step6：插入数据耗时==========：0时0分9秒
17:55:45:688    Step1：校验模板,看是否齐全，并修改附件中图片后缀耗时：0时0分0秒
17:55:53:776    Step2：统一图片后缀为.jpg，拷贝缩略图耗时：0时0分8秒
17:55:54:442    Step3：读取模板，按照固定的行列读取耗时：0时0分0秒
17:55:54:498    Step4：分析模板，看附件2*.xlsx对应的车牌在附件3*.xlsx中是否存在耗时：0时0分8秒
17:55:54:568    Step5：检验VIN、车辆牌照是否在系统中已存在耗时：0时0分0秒
17:55:55:809    Step6：插入数据耗时==========：0时0分9秒
20:07:33:361    Step1：校验模板,看是否齐全，并修改附件中图片后缀耗时：0时0分0秒
20:07:41:867    Step2：统一图片后缀为.jpg，拷贝缩略图耗时：0时0分8秒
20:07:42:500    Step3：读取模板，按照固定的行列读取耗时：0时0分0秒
20:07:42:561    Step4：分析模板，看附件2*.xlsx对应的车牌在附件3*.xlsx中是否存在耗时：0时0分8秒
20:07:42:611    Step5：检验VIN、车辆牌照是否在系统中已存在耗时：0时0分0秒
20:07:43:777    Step6：插入数据耗时==========：0时0分9秒
