15:09:32:034    === 统计结果如下 2017/5/16 15:09:32===/r/nSocket共0条接收数据/r/nMerger共0条合并成功数据/r/nMerger共0条合并失败数据/r/nUpload共0条上传成功数据/r/nUpload共1条上传失败数据/r/n=== 详细内容如下 ===/r/n=== Socket共接收数据 ===/r/n=== Merger共合并成功数据 ===/r/n=== Merger共合并失败数据 ===/r/n=== Upload共上传成功数据 ===/r/n=== Upload共上传失败数据 ===/r/nZDD5445SDSA5D45D6,
15:12:03:032    === 统计结果如下 2017/5/16 15:12:03===
Socket共0条接收数据
Merger共0条合并成功数据
Merger共0条合并失败数据
Upload共0条上传成功数据
Upload共1条上传失败数据
=== 详细内容如下 ===
== Socket共接收数据 ==
== Merger共合并成功数据 ==
== Merger共合并失败数据 ==
== Upload共上传成功数据 ==
== Upload共上传失败数据 ==
ZDD5445SDSA5D45D6,
15:13:35:923    === 统计结果如下 2017/5/16 15:13:35===
Socket共0条接收数据
Merger共0条合并成功数据
Merger共0条合并失败数据
Upload共0条上传成功数据
Upload共1条上传失败数据
=== 详细内容如下 ===
== Socket共接收数据 ==
== Merger共合并成功数据 ==
== Merger共合并失败数据 ==
== Upload共上传成功数据 ==
== Upload共上传失败数据 ==
ZDD5445SDSA5D45D6

17:04:16:004    === 统计结果如下 2017/5/16 17:04:15===
Socket共0条接收数据
Merger共0条合并成功数据
Merger共0条合并失败数据
Upload共0条上传成功数据
Upload共1条上传失败数据
=== 详细内容如下 ===
== Socket共接收数据 ==
== Merger共合并成功数据 ==
== Merger共合并失败数据 ==
== Upload共上传成功数据 ==
== Upload共上传失败数据 ==
ZDD5445SDSA5D45D6

17:06:27:256    === 统计结果如下 2017/5/16 17:06:27===
Socket共0条接收数据
Merger共0条合并成功数据
Merger共0条合并失败数据
Upload共0条上传成功数据
Upload共1条上传失败数据
=== 详细内容如下 ===
== Socket共接收数据 ==
== Merger共合并成功数据 ==
== Merger共合并失败数据 ==
== Upload共上传成功数据 ==
== Upload共上传失败数据 ==
ZDD5445SDSA5D45D6

17:12:19:330    === 统计2017/05/15结果如下 2017/5/16 17:12:19===
Socket共2条接收数据
Merger共0条合并成功数据
Merger共0条合并失败数据
Upload共0条上传成功数据
Upload共1条上传失败数据
=== 详细内容如下 ===
== Socket共接收数据 ==
LJDGAA2C7H5502832
LJDYAA29XH0563358
== Merger共合并成功数据 ==
== Merger共合并失败数据 ==
== Upload共上传成功数据 ==
== Upload共上传失败数据 ==
ZDD5445SDSA5D45D6

17:17:31:765    === 统计2017/05/15结果如下 2017/5/16 17:17:31===
Socket共2条接收数据
Merger共0条合并成功数据
Merger共0条合并失败数据
Merger共2条未合并数据
Upload共0条上传成功数据
Upload共1条上传失败数据
=== 详细内容如下 ===
== Socket接收数据 ==
LJDGAA2C7H5502832
LJDYAA29XH0563358
== Merger合并成功数据 ==
== Merger合并失败数据 ==
== Merger未合并数据 ==
LJDGAA2C7H5502832
LJDYAA29XH0563358
== Upload上传成功数据 ==
== Upload上传失败数据 ==
ZDD5445SDSA5D45D6

18:50:44:359    === 统计2017/05/15结果如下 2017/5/16 18:50:44===
Socket共2条接收数据
Merger共1条合并成功数据
Merger共0条合并失败数据
Merger共1条未合并数据
Upload共0条上传成功数据
Upload共2条上传失败数据
=== 详细内容如下 ===
== Socket接收数据 ==
LJDGAA2C7H5502832
LJDYAA29XH0563358
== Merger合并成功数据 ==
LJDGAA2C7H5502832
== Merger合并失败数据 ==
== Merger未合并数据 ==
LJDYAA29XH0563358
== Upload上传成功数据 ==
== Upload上传失败数据 ==
ZDD5445SDSA5D45D6
LJDGAA2C7H5502832

