18:10:40:412    备案号（VIN）：LJDMAA227H0407739， 失败原因：
距离车辆出厂日期小于48小时，请使用上传接口！
18:10:40:418    备案号（VIN）：LJDMAA227H0407739， 失败原因：
【备案号(VIN)】校验失败！第9位应为:'X'
18:10:40:419    备案号（VIN）：LJDUAA2GHKS001577， 失败原因：
【备案号(VIN)】校验失败！第9位应为:'8'
18:10:40:421    备案号（VIN）：LJDUAA2HKS0001577， 失败原因：
【备案号(VIN)】校验失败！第9位应为:'2'
18:10:40:424    备案号（VIN）：LJDUAAHKS0001577， 失败原因：
VIN长度应为17位!
请核对【备案号(VIN)】为17位字母或者数字!
18:10:40:427    备案号（VIN）：LJDYAA297H006HKS2， 失败原因：
【备案号(VIN)】校验失败！第9位应为:'X'
18:10:40:430    备案号（VIN）：LJDYAA297H006HKS4， 失败原因：
【备案号(VIN)】校验失败！第9位应为:'3'
18:10:40:437    备案号（VIN）：LJDYAA297H006HKS5， 失败原因：
【备案号(VIN)】校验失败！第9位应为:'5'
18:10:40:439    备案号（VIN）：LJDYAA297H006HKS7， 失败原因：
【备案号(VIN)】校验失败！第9位应为:'9'
18:10:40:443    备案号（VIN）：LJDYAA297H006HKS8， 失败原因：
【备案号(VIN)】校验失败！第9位应为:'0'
18:10:40:444    备案号（VIN）：LJDYAA297H006HKS9， 失败原因：
【备案号(VIN)】校验失败！第9位应为:'2'
18:10:40:444    备案号（VIN）：LJDYAA297H00HKS11， 失败原因：
【备案号(VIN)】校验失败！第9位应为:'9'
18:10:40:445    备案号（VIN）：LJDYAA297H00HKS12， 失败原因：
【备案号(VIN)】校验失败！第9位应为:'0'
18:10:40:445    备案号（VIN）：LJDYAA297H00HKS13， 失败原因：
【备案号(VIN)】校验失败！第9位应为:'2'
18:10:40:446    备案号（VIN）：LJDYAA297H00HKS14， 失败原因：
【备案号(VIN)】校验失败！第9位应为:'4'
18:10:40:446    备案号（VIN）：LJDYAA297H00HKS15， 失败原因：
【备案号(VIN)】校验失败！第9位应为:'6'
18:10:40:446    备案号（VIN）：LJDYAA297H00HKS16， 失败原因：
【备案号(VIN)】校验失败！第9位应为:'8'
18:34:46:400    备案号（VIN）：LJDMAA227H0407739， 失败原因：
距离车辆出厂日期小于48小时，请使用上传接口！
18:34:46:404    备案号（VIN）：LJDMAA227H0407739， 失败原因：
【备案号(VIN)】校验失败！第9位应为:'X'
18:34:46:406    备案号（VIN）：LJDUAA2GHKS001577， 失败原因：
【备案号(VIN)】校验失败！第9位应为:'8'
18:34:46:409    备案号（VIN）：LJDUAA2HKS0001577， 失败原因：
【备案号(VIN)】校验失败！第9位应为:'2'
18:34:46:413    备案号（VIN）：LJDUAAHKS0001577， 失败原因：
VIN长度应为17位!
请核对【备案号(VIN)】为17位字母或者数字!
18:34:46:418    备案号（VIN）：LJDYAA297H006HKS2， 失败原因：
【备案号(VIN)】校验失败！第9位应为:'X'
18:34:46:424    备案号（VIN）：LJDYAA297H006HKS4， 失败原因：
【备案号(VIN)】校验失败！第9位应为:'3'
18:34:46:433    备案号（VIN）：LJDYAA297H006HKS5， 失败原因：
【备案号(VIN)】校验失败！第9位应为:'5'
18:34:46:435    备案号（VIN）：LJDYAA297H006HKS7， 失败原因：
【备案号(VIN)】校验失败！第9位应为:'9'
18:34:46:439    备案号（VIN）：LJDYAA297H006HKS8， 失败原因：
【备案号(VIN)】校验失败！第9位应为:'0'
18:34:46:439    备案号（VIN）：LJDYAA297H006HKS9， 失败原因：
【备案号(VIN)】校验失败！第9位应为:'2'
18:34:46:440    备案号（VIN）：LJDYAA297H00HKS11， 失败原因：
【备案号(VIN)】校验失败！第9位应为:'9'
18:34:46:440    备案号（VIN）：LJDYAA297H00HKS12， 失败原因：
【备案号(VIN)】校验失败！第9位应为:'0'
18:34:46:447    备案号（VIN）：LJDYAA297H00HKS13， 失败原因：
【备案号(VIN)】校验失败！第9位应为:'2'
18:34:46:448    备案号（VIN）：LJDYAA297H00HKS14， 失败原因：
【备案号(VIN)】校验失败！第9位应为:'4'
18:34:46:448    备案号（VIN）：LJDYAA297H00HKS15， 失败原因：
【备案号(VIN)】校验失败！第9位应为:'6'
18:34:46:449    备案号（VIN）：LJDYAA297H00HKS16， 失败原因：
【备案号(VIN)】校验失败！第9位应为:'8'
18:37:29:677    备案号（VIN）：LJDMAA227H0407739， 失败原因：
距离车辆出厂日期小于48小时，请使用上传接口！
18:37:29:684    备案号（VIN）：LJDMAA227H0407739， 失败原因：
【备案号(VIN)】校验失败！第9位应为:'X'
18:37:29:686    备案号（VIN）：LJDUAA2GHKS001577， 失败原因：
【备案号(VIN)】校验失败！第9位应为:'8'
18:37:29:690    备案号（VIN）：LJDUAA2HKS0001577， 失败原因：
【备案号(VIN)】校验失败！第9位应为:'2'
18:37:29:691    备案号（VIN）：LJDUAAHKS0001577， 失败原因：
VIN长度应为17位!
请核对【备案号(VIN)】为17位字母或者数字!
18:37:29:692    备案号（VIN）：LJDYAA297H006HKS2， 失败原因：
【备案号(VIN)】校验失败！第9位应为:'X'
18:37:29:693    备案号（VIN）：LJDYAA297H006HKS4， 失败原因：
【备案号(VIN)】校验失败！第9位应为:'3'
18:37:29:694    备案号（VIN）：LJDYAA297H006HKS5， 失败原因：
【备案号(VIN)】校验失败！第9位应为:'5'
18:37:29:695    备案号（VIN）：LJDYAA297H006HKS7， 失败原因：
【备案号(VIN)】校验失败！第9位应为:'9'
18:37:29:696    备案号（VIN）：LJDYAA297H006HKS8， 失败原因：
【备案号(VIN)】校验失败！第9位应为:'0'
18:37:29:697    备案号（VIN）：LJDYAA297H006HKS9， 失败原因：
【备案号(VIN)】校验失败！第9位应为:'2'
18:37:29:698    备案号（VIN）：LJDYAA297H00HKS11， 失败原因：
【备案号(VIN)】校验失败！第9位应为:'9'
18:37:29:699    备案号（VIN）：LJDYAA297H00HKS12， 失败原因：
【备案号(VIN)】校验失败！第9位应为:'0'
18:37:29:700    备案号（VIN）：LJDYAA297H00HKS13， 失败原因：
【备案号(VIN)】校验失败！第9位应为:'2'
18:37:29:702    备案号（VIN）：LJDYAA297H00HKS14， 失败原因：
【备案号(VIN)】校验失败！第9位应为:'4'
18:37:29:702    备案号（VIN）：LJDYAA297H00HKS15， 失败原因：
【备案号(VIN)】校验失败！第9位应为:'6'
18:37:29:703    备案号（VIN）：LJDYAA297H00HKS16， 失败原因：
【备案号(VIN)】校验失败！第9位应为:'8'
18:40:29:481    备案号（VIN）：LJDMAA227H0407739， 失败原因：
距离车辆出厂日期小于48小时，请使用上传接口！
18:40:29:486    备案号（VIN）：LJDMAA227H0407739， 失败原因：
【备案号(VIN)】校验失败！第9位应为:'X'
18:40:29:488    备案号（VIN）：LJDUAA2GHKS001577， 失败原因：
【备案号(VIN)】校验失败！第9位应为:'8'
18:40:29:491    备案号（VIN）：LJDUAA2HKS0001577， 失败原因：
【备案号(VIN)】校验失败！第9位应为:'2'
18:40:29:492    备案号（VIN）：LJDUAAHKS0001577， 失败原因：
VIN长度应为17位!
请核对【备案号(VIN)】为17位字母或者数字!
18:40:29:493    备案号（VIN）：LJDYAA297H006HKS2， 失败原因：
【备案号(VIN)】校验失败！第9位应为:'X'
18:40:29:493    备案号（VIN）：LJDYAA297H006HKS4， 失败原因：
【备案号(VIN)】校验失败！第9位应为:'3'
18:40:29:494    备案号（VIN）：LJDYAA297H006HKS5， 失败原因：
【备案号(VIN)】校验失败！第9位应为:'5'
18:40:29:494    备案号（VIN）：LJDYAA297H006HKS7， 失败原因：
【备案号(VIN)】校验失败！第9位应为:'9'
18:40:29:495    备案号（VIN）：LJDYAA297H006HKS8， 失败原因：
【备案号(VIN)】校验失败！第9位应为:'0'
18:40:29:495    备案号（VIN）：LJDYAA297H006HKS9， 失败原因：
【备案号(VIN)】校验失败！第9位应为:'2'
18:40:29:496    备案号（VIN）：LJDYAA297H00HKS11， 失败原因：
【备案号(VIN)】校验失败！第9位应为:'9'
18:40:29:497    备案号（VIN）：LJDYAA297H00HKS12， 失败原因：
【备案号(VIN)】校验失败！第9位应为:'0'
18:40:29:497    备案号（VIN）：LJDYAA297H00HKS13， 失败原因：
【备案号(VIN)】校验失败！第9位应为:'2'
18:40:29:498    备案号（VIN）：LJDYAA297H00HKS14， 失败原因：
【备案号(VIN)】校验失败！第9位应为:'4'
18:40:29:498    备案号（VIN）：LJDYAA297H00HKS15， 失败原因：
【备案号(VIN)】校验失败！第9位应为:'6'
18:40:29:499    备案号（VIN）：LJDYAA297H00HKS16， 失败原因：
【备案号(VIN)】校验失败！第9位应为:'8'
18:42:59:001    备案号（VIN）：LJDMAA227H0407739， 失败原因：
距离车辆出厂日期小于48小时，请使用上传接口！
18:42:59:009    备案号（VIN）：LJDMAA227H0407739， 失败原因：
【备案号(VIN)】校验失败！第9位应为:'X'
18:42:59:011    备案号（VIN）：LJDUAA2GHKS001577， 失败原因：
【备案号(VIN)】校验失败！第9位应为:'8'
18:42:59:015    备案号（VIN）：LJDUAA2HKS0001577， 失败原因：
【备案号(VIN)】校验失败！第9位应为:'2'
18:42:59:015    备案号（VIN）：LJDUAAHKS0001577， 失败原因：
VIN长度应为17位!
请核对【备案号(VIN)】为17位字母或者数字!
18:42:59:016    备案号（VIN）：LJDYAA297H006HKS2， 失败原因：
【备案号(VIN)】校验失败！第9位应为:'X'
18:42:59:017    备案号（VIN）：LJDYAA297H006HKS4， 失败原因：
【备案号(VIN)】校验失败！第9位应为:'3'
18:42:59:018    备案号（VIN）：LJDYAA297H006HKS5， 失败原因：
【备案号(VIN)】校验失败！第9位应为:'5'
18:42:59:018    备案号（VIN）：LJDYAA297H006HKS7， 失败原因：
【备案号(VIN)】校验失败！第9位应为:'9'
18:42:59:020    备案号（VIN）：LJDYAA297H006HKS8， 失败原因：
【备案号(VIN)】校验失败！第9位应为:'0'
18:42:59:021    备案号（VIN）：LJDYAA297H006HKS9， 失败原因：
【备案号(VIN)】校验失败！第9位应为:'2'
18:42:59:021    备案号（VIN）：LJDYAA297H00HKS11， 失败原因：
【备案号(VIN)】校验失败！第9位应为:'9'
18:42:59:022    备案号（VIN）：LJDYAA297H00HKS12， 失败原因：
【备案号(VIN)】校验失败！第9位应为:'0'
18:42:59:023    备案号（VIN）：LJDYAA297H00HKS13， 失败原因：
【备案号(VIN)】校验失败！第9位应为:'2'
18:42:59:023    备案号（VIN）：LJDYAA297H00HKS14， 失败原因：
【备案号(VIN)】校验失败！第9位应为:'4'
18:42:59:024    备案号（VIN）：LJDYAA297H00HKS15， 失败原因：
【备案号(VIN)】校验失败！第9位应为:'6'
18:42:59:025    备案号（VIN）：LJDYAA297H00HKS16， 失败原因：
【备案号(VIN)】校验失败！第9位应为:'8'
18:45:06:849    备案号（VIN）：LJDMAA227H0407739， 失败原因：
距离车辆出厂日期小于48小时，请使用上传接口！
18:45:06:854    备案号（VIN）：LJDMAA227H0407739， 失败原因：
【备案号(VIN)】校验失败！第9位应为:'X'
18:45:06:865    备案号（VIN）：LJDUAA2GHKS001577， 失败原因：
【备案号(VIN)】校验失败！第9位应为:'8'
18:45:06:867    备案号（VIN）：LJDUAA2HKS0001577， 失败原因：
【备案号(VIN)】校验失败！第9位应为:'2'
18:45:06:871    备案号（VIN）：LJDUAAHKS0001577， 失败原因：
VIN长度应为17位!
请核对【备案号(VIN)】为17位字母或者数字!
18:45:06:872    备案号（VIN）：LJDYAA297H006HKS2， 失败原因：
【备案号(VIN)】校验失败！第9位应为:'X'
18:45:06:873    备案号（VIN）：LJDYAA297H006HKS4， 失败原因：
【备案号(VIN)】校验失败！第9位应为:'3'
18:45:06:873    备案号（VIN）：LJDYAA297H006HKS5， 失败原因：
【备案号(VIN)】校验失败！第9位应为:'5'
18:45:06:874    备案号（VIN）：LJDYAA297H006HKS7， 失败原因：
【备案号(VIN)】校验失败！第9位应为:'9'
18:45:06:875    备案号（VIN）：LJDYAA297H006HKS8， 失败原因：
【备案号(VIN)】校验失败！第9位应为:'0'
18:45:06:875    备案号（VIN）：LJDYAA297H006HKS9， 失败原因：
【备案号(VIN)】校验失败！第9位应为:'2'
18:45:06:876    备案号（VIN）：LJDYAA297H00HKS11， 失败原因：
【备案号(VIN)】校验失败！第9位应为:'9'
18:45:06:878    备案号（VIN）：LJDYAA297H00HKS12， 失败原因：
【备案号(VIN)】校验失败！第9位应为:'0'
18:45:06:879    备案号（VIN）：LJDYAA297H00HKS13， 失败原因：
【备案号(VIN)】校验失败！第9位应为:'2'
18:45:06:880    备案号（VIN）：LJDYAA297H00HKS14， 失败原因：
【备案号(VIN)】校验失败！第9位应为:'4'
18:45:06:880    备案号（VIN）：LJDYAA297H00HKS15， 失败原因：
【备案号(VIN)】校验失败！第9位应为:'6'
18:45:06:881    备案号（VIN）：LJDYAA297H00HKS16， 失败原因：
【备案号(VIN)】校验失败！第9位应为:'8'
18:50:42:443    备案号（VIN）：LJDMAA227H0407739， 失败原因：
距离车辆出厂日期小于48小时，请使用上传接口！
18:50:42:446    备案号（VIN）：LJDMAA227H0407739， 失败原因：
【备案号(VIN)】校验失败！第9位应为:'X'
18:50:42:450    备案号（VIN）：LJDUAA2GHKS001577， 失败原因：
【备案号(VIN)】校验失败！第9位应为:'8'
18:50:42:451    备案号（VIN）：LJDUAA2HKS0001577， 失败原因：
【备案号(VIN)】校验失败！第9位应为:'2'
18:50:42:454    备案号（VIN）：LJDUAAHKS0001577， 失败原因：
VIN长度应为17位!
请核对【备案号(VIN)】为17位字母或者数字!
18:50:42:456    备案号（VIN）：LJDYAA297H006HKS2， 失败原因：
【备案号(VIN)】校验失败！第9位应为:'X'
18:50:42:456    备案号（VIN）：LJDYAA297H006HKS4， 失败原因：
【备案号(VIN)】校验失败！第9位应为:'3'
18:50:42:457    备案号（VIN）：LJDYAA297H006HKS5， 失败原因：
【备案号(VIN)】校验失败！第9位应为:'5'
18:50:42:457    备案号（VIN）：LJDYAA297H006HKS7， 失败原因：
【备案号(VIN)】校验失败！第9位应为:'9'
18:50:42:458    备案号（VIN）：LJDYAA297H006HKS8， 失败原因：
【备案号(VIN)】校验失败！第9位应为:'0'
18:50:42:458    备案号（VIN）：LJDYAA297H006HKS9， 失败原因：
【备案号(VIN)】校验失败！第9位应为:'2'
18:50:42:458    备案号（VIN）：LJDYAA297H00HKS11， 失败原因：
【备案号(VIN)】校验失败！第9位应为:'9'
18:50:42:459    备案号（VIN）：LJDYAA297H00HKS12， 失败原因：
【备案号(VIN)】校验失败！第9位应为:'0'
18:50:42:459    备案号（VIN）：LJDYAA297H00HKS13， 失败原因：
【备案号(VIN)】校验失败！第9位应为:'2'
18:50:42:460    备案号（VIN）：LJDYAA297H00HKS14， 失败原因：
【备案号(VIN)】校验失败！第9位应为:'4'
18:50:42:460    备案号（VIN）：LJDYAA297H00HKS15， 失败原因：
【备案号(VIN)】校验失败！第9位应为:'6'
18:50:42:461    备案号（VIN）：LJDYAA297H00HKS16， 失败原因：
【备案号(VIN)】校验失败！第9位应为:'8'
