18:10:40:358    start
18:10:40:385    
距离车辆出厂日期小于48小时，请使用上传接口！:LJDMAA227H0407739
18:10:40:385    
【备案号(VIN)】校验失败！第9位应为:'X':LJDMAA227H0407739
18:10:40:386    
【备案号(VIN)】校验失败！第9位应为:'8':LJDUAA2GHKS001577
18:10:40:386    
【备案号(VIN)】校验失败！第9位应为:'2':LJDUAA2HKS0001577
18:10:40:386    
VIN长度应为17位!
请核对【备案号(VIN)】为17位字母或者数字!:LJDUAAHKS0001577
18:10:40:387    
【备案号(VIN)】校验失败！第9位应为:'X':LJDYAA297H006HKS2
18:10:40:387    
【备案号(VIN)】校验失败！第9位应为:'3':LJDYAA297H006HKS4
18:10:40:388    
【备案号(VIN)】校验失败！第9位应为:'5':LJDYAA297H006HKS5
18:10:40:388    
【备案号(VIN)】校验失败！第9位应为:'9':LJDYAA297H006HKS7
18:10:40:388    
【备案号(VIN)】校验失败！第9位应为:'0':LJDYAA297H006HKS8
18:10:40:389    
【备案号(VIN)】校验失败！第9位应为:'2':LJDYAA297H006HKS9
18:10:40:389    
【备案号(VIN)】校验失败！第9位应为:'9':LJDYAA297H00HKS11
18:10:40:389    
【备案号(VIN)】校验失败！第9位应为:'0':LJDYAA297H00HKS12
18:10:40:390    
【备案号(VIN)】校验失败！第9位应为:'2':LJDYAA297H00HKS13
18:10:40:390    
【备案号(VIN)】校验失败！第9位应为:'4':LJDYAA297H00HKS14
18:10:40:390    
【备案号(VIN)】校验失败！第9位应为:'6':LJDYAA297H00HKS15
18:10:40:391    
【备案号(VIN)】校验失败！第9位应为:'8':LJDYAA297H00HKS16
18:10:40:391    end
18:34:46:364    start
18:34:46:365    
距离车辆出厂日期小于48小时，请使用上传接口！:LJDMAA227H0407739
18:34:46:366    
【备案号(VIN)】校验失败！第9位应为:'X':LJDMAA227H0407739
18:34:46:366    
【备案号(VIN)】校验失败！第9位应为:'8':LJDUAA2GHKS001577
18:34:46:367    
【备案号(VIN)】校验失败！第9位应为:'2':LJDUAA2HKS0001577
18:34:46:368    
VIN长度应为17位!
请核对【备案号(VIN)】为17位字母或者数字!:LJDUAAHKS0001577
18:34:46:369    
【备案号(VIN)】校验失败！第9位应为:'X':LJDYAA297H006HKS2
18:34:46:369    
【备案号(VIN)】校验失败！第9位应为:'3':LJDYAA297H006HKS4
18:34:46:370    
【备案号(VIN)】校验失败！第9位应为:'5':LJDYAA297H006HKS5
18:34:46:371    
【备案号(VIN)】校验失败！第9位应为:'9':LJDYAA297H006HKS7
18:34:46:372    
【备案号(VIN)】校验失败！第9位应为:'0':LJDYAA297H006HKS8
18:34:46:372    
【备案号(VIN)】校验失败！第9位应为:'2':LJDYAA297H006HKS9
18:34:46:373    
【备案号(VIN)】校验失败！第9位应为:'9':LJDYAA297H00HKS11
18:34:46:374    
【备案号(VIN)】校验失败！第9位应为:'0':LJDYAA297H00HKS12
18:34:46:374    
【备案号(VIN)】校验失败！第9位应为:'2':LJDYAA297H00HKS13
18:34:46:375    
【备案号(VIN)】校验失败！第9位应为:'4':LJDYAA297H00HKS14
18:34:46:376    
【备案号(VIN)】校验失败！第9位应为:'6':LJDYAA297H00HKS15
18:34:46:376    
【备案号(VIN)】校验失败！第9位应为:'8':LJDYAA297H00HKS16
18:34:46:377    end
18:37:29:639    start
18:37:29:641    
距离车辆出厂日期小于48小时，请使用上传接口！:LJDMAA227H0407739
18:37:29:642    
【备案号(VIN)】校验失败！第9位应为:'X':LJDMAA227H0407739
18:37:29:643    
【备案号(VIN)】校验失败！第9位应为:'8':LJDUAA2GHKS001577
18:37:29:644    
【备案号(VIN)】校验失败！第9位应为:'2':LJDUAA2HKS0001577
18:37:29:645    
VIN长度应为17位!
请核对【备案号(VIN)】为17位字母或者数字!:LJDUAAHKS0001577
18:37:29:646    
【备案号(VIN)】校验失败！第9位应为:'X':LJDYAA297H006HKS2
18:37:29:648    
【备案号(VIN)】校验失败！第9位应为:'3':LJDYAA297H006HKS4
18:37:29:649    
【备案号(VIN)】校验失败！第9位应为:'5':LJDYAA297H006HKS5
18:37:29:651    
【备案号(VIN)】校验失败！第9位应为:'9':LJDYAA297H006HKS7
18:37:29:652    
【备案号(VIN)】校验失败！第9位应为:'0':LJDYAA297H006HKS8
18:37:29:653    
【备案号(VIN)】校验失败！第9位应为:'2':LJDYAA297H006HKS9
18:37:29:655    
【备案号(VIN)】校验失败！第9位应为:'9':LJDYAA297H00HKS11
18:37:29:656    
【备案号(VIN)】校验失败！第9位应为:'0':LJDYAA297H00HKS12
18:37:29:657    
【备案号(VIN)】校验失败！第9位应为:'2':LJDYAA297H00HKS13
18:37:29:658    
【备案号(VIN)】校验失败！第9位应为:'4':LJDYAA297H00HKS14
18:37:29:659    
【备案号(VIN)】校验失败！第9位应为:'6':LJDYAA297H00HKS15
18:37:29:660    
【备案号(VIN)】校验失败！第9位应为:'8':LJDYAA297H00HKS16
18:37:29:661    end
18:40:29:453    start
18:40:29:454    
距离车辆出厂日期小于48小时，请使用上传接口！:LJDMAA227H0407739
18:40:29:454    
【备案号(VIN)】校验失败！第9位应为:'X':LJDMAA227H0407739
18:40:29:455    
【备案号(VIN)】校验失败！第9位应为:'8':LJDUAA2GHKS001577
18:40:29:456    
【备案号(VIN)】校验失败！第9位应为:'2':LJDUAA2HKS0001577
18:40:29:456    
VIN长度应为17位!
请核对【备案号(VIN)】为17位字母或者数字!:LJDUAAHKS0001577
18:40:29:457    
【备案号(VIN)】校验失败！第9位应为:'X':LJDYAA297H006HKS2
18:40:29:458    
【备案号(VIN)】校验失败！第9位应为:'3':LJDYAA297H006HKS4
18:40:29:458    
【备案号(VIN)】校验失败！第9位应为:'5':LJDYAA297H006HKS5
18:40:29:459    
【备案号(VIN)】校验失败！第9位应为:'9':LJDYAA297H006HKS7
18:40:29:459    
【备案号(VIN)】校验失败！第9位应为:'0':LJDYAA297H006HKS8
18:40:29:460    
【备案号(VIN)】校验失败！第9位应为:'2':LJDYAA297H006HKS9
18:40:29:460    
【备案号(VIN)】校验失败！第9位应为:'9':LJDYAA297H00HKS11
18:40:29:461    
【备案号(VIN)】校验失败！第9位应为:'0':LJDYAA297H00HKS12
18:40:29:461    
【备案号(VIN)】校验失败！第9位应为:'2':LJDYAA297H00HKS13
18:40:29:461    
【备案号(VIN)】校验失败！第9位应为:'4':LJDYAA297H00HKS14
18:40:29:462    
【备案号(VIN)】校验失败！第9位应为:'6':LJDYAA297H00HKS15
18:40:29:462    
【备案号(VIN)】校验失败！第9位应为:'8':LJDYAA297H00HKS16
18:40:29:463    end
18:42:58:964    start
18:42:58:966    
距离车辆出厂日期小于48小时，请使用上传接口！:LJDMAA227H0407739
18:42:58:967    
【备案号(VIN)】校验失败！第9位应为:'X':LJDMAA227H0407739
18:42:58:968    
【备案号(VIN)】校验失败！第9位应为:'8':LJDUAA2GHKS001577
18:42:58:969    
【备案号(VIN)】校验失败！第9位应为:'2':LJDUAA2HKS0001577
18:42:58:970    
VIN长度应为17位!
请核对【备案号(VIN)】为17位字母或者数字!:LJDUAAHKS0001577
18:42:58:971    
【备案号(VIN)】校验失败！第9位应为:'X':LJDYAA297H006HKS2
18:42:58:972    
【备案号(VIN)】校验失败！第9位应为:'3':LJDYAA297H006HKS4
18:42:58:973    
【备案号(VIN)】校验失败！第9位应为:'5':LJDYAA297H006HKS5
18:42:58:974    
【备案号(VIN)】校验失败！第9位应为:'9':LJDYAA297H006HKS7
18:42:58:974    
【备案号(VIN)】校验失败！第9位应为:'0':LJDYAA297H006HKS8
18:42:58:975    
【备案号(VIN)】校验失败！第9位应为:'2':LJDYAA297H006HKS9
18:42:58:976    
【备案号(VIN)】校验失败！第9位应为:'9':LJDYAA297H00HKS11
18:42:58:976    
【备案号(VIN)】校验失败！第9位应为:'0':LJDYAA297H00HKS12
18:42:58:977    
【备案号(VIN)】校验失败！第9位应为:'2':LJDYAA297H00HKS13
18:42:58:977    
【备案号(VIN)】校验失败！第9位应为:'4':LJDYAA297H00HKS14
18:42:58:978    
【备案号(VIN)】校验失败！第9位应为:'6':LJDYAA297H00HKS15
18:42:58:979    
【备案号(VIN)】校验失败！第9位应为:'8':LJDYAA297H00HKS16
18:42:58:979    end
18:45:06:806    start
18:45:06:808    
距离车辆出厂日期小于48小时，请使用上传接口！:LJDMAA227H0407739
18:45:06:809    
【备案号(VIN)】校验失败！第9位应为:'X':LJDMAA227H0407739
18:45:06:810    
【备案号(VIN)】校验失败！第9位应为:'8':LJDUAA2GHKS001577
18:45:06:812    
【备案号(VIN)】校验失败！第9位应为:'2':LJDUAA2HKS0001577
18:45:06:813    
VIN长度应为17位!
请核对【备案号(VIN)】为17位字母或者数字!:LJDUAAHKS0001577
18:45:06:814    
【备案号(VIN)】校验失败！第9位应为:'X':LJDYAA297H006HKS2
18:45:06:816    
【备案号(VIN)】校验失败！第9位应为:'3':LJDYAA297H006HKS4
18:45:06:817    
【备案号(VIN)】校验失败！第9位应为:'5':LJDYAA297H006HKS5
18:45:06:818    
【备案号(VIN)】校验失败！第9位应为:'9':LJDYAA297H006HKS7
18:45:06:819    
【备案号(VIN)】校验失败！第9位应为:'0':LJDYAA297H006HKS8
18:45:06:820    
【备案号(VIN)】校验失败！第9位应为:'2':LJDYAA297H006HKS9
18:45:06:821    
【备案号(VIN)】校验失败！第9位应为:'9':LJDYAA297H00HKS11
18:45:06:822    
【备案号(VIN)】校验失败！第9位应为:'0':LJDYAA297H00HKS12
18:45:06:823    
【备案号(VIN)】校验失败！第9位应为:'2':LJDYAA297H00HKS13
18:45:06:824    
【备案号(VIN)】校验失败！第9位应为:'4':LJDYAA297H00HKS14
18:45:06:825    
【备案号(VIN)】校验失败！第9位应为:'6':LJDYAA297H00HKS15
18:45:06:826    
【备案号(VIN)】校验失败！第9位应为:'8':LJDYAA297H00HKS16
18:45:06:827    end
18:50:42:426    start
18:50:42:427    
距离车辆出厂日期小于48小时，请使用上传接口！:LJDMAA227H0407739
18:50:42:427    
【备案号(VIN)】校验失败！第9位应为:'X':LJDMAA227H0407739
18:50:42:427    
【备案号(VIN)】校验失败！第9位应为:'8':LJDUAA2GHKS001577
18:50:42:427    
【备案号(VIN)】校验失败！第9位应为:'2':LJDUAA2HKS0001577
18:50:42:428    
VIN长度应为17位!
请核对【备案号(VIN)】为17位字母或者数字!:LJDUAAHKS0001577
18:50:42:428    
【备案号(VIN)】校验失败！第9位应为:'X':LJDYAA297H006HKS2
18:50:42:428    
【备案号(VIN)】校验失败！第9位应为:'3':LJDYAA297H006HKS4
18:50:42:429    
【备案号(VIN)】校验失败！第9位应为:'5':LJDYAA297H006HKS5
18:50:42:429    
【备案号(VIN)】校验失败！第9位应为:'9':LJDYAA297H006HKS7
18:50:42:429    
【备案号(VIN)】校验失败！第9位应为:'0':LJDYAA297H006HKS8
18:50:42:429    
【备案号(VIN)】校验失败！第9位应为:'2':LJDYAA297H006HKS9
18:50:42:430    
【备案号(VIN)】校验失败！第9位应为:'9':LJDYAA297H00HKS11
18:50:42:430    
【备案号(VIN)】校验失败！第9位应为:'0':LJDYAA297H00HKS12
18:50:42:430    
【备案号(VIN)】校验失败！第9位应为:'2':LJDYAA297H00HKS13
18:50:42:430    
【备案号(VIN)】校验失败！第9位应为:'4':LJDYAA297H00HKS14
18:50:42:431    
【备案号(VIN)】校验失败！第9位应为:'6':LJDYAA297H00HKS15
18:50:42:431    
【备案号(VIN)】校验失败！第9位应为:'8':LJDYAA297H00HKS16
18:50:42:431    end
