18:09:13:023    start
18:09:16:895    LBEMDAFC8GZ873625
18:09:22:435    LJDHAA122F0061931
18:09:22:435    LJDJAA145G0510409
18:09:22:435    LJDMAA227H0407739
18:09:22:436    LJDUAA2GHKS001577
18:09:22:436    LJDUAA2HKS0001577
18:09:22:437    LJDUAAHKS0001577
18:09:22:437    LJDYAA297H006HKS2
18:09:22:437    LJDYAA297H006HKS4
18:09:22:437    LJDYAA297H006HKS5
18:09:22:437    LJDYAA297H006HKS7
18:09:22:438    LJDYAA297H006HKS8
18:09:22:439    LJDYAA297H006HKS9
18:09:22:439    LJDYAA297H00HKS10
18:09:22:439    LJDYAA297H00HKS11
18:09:22:440    LJDYAA297H00HKS12
18:09:22:440    LJDYAA297H00HKS13
18:09:22:440    LJDYAA297H00HKS14
18:09:22:440    LJDYAA297H00HKS15
18:09:22:441    LJDYAA297H00HKS16
18:09:22:441    LJDZAA149H0006000
18:09:22:442    VE4IOU5T4HG456434
18:09:22:442    VE4IOU5T4HG456435
18:09:22:442    VE4IOU5T4HG456467
18:09:22:442    VE4IOU5T4HG456468
18:09:22:443    end
18:34:45:906    start
18:34:45:907    LBEMDAFC8GZ873625
18:34:45:908    LJDHAA122F0061931
18:34:45:908    LJDJAA145G0510409
18:34:45:909    LJDMAA227H0407739
18:34:45:909    LJDUAA2GHKS001577
18:34:45:910    LJDUAA2HKS0001577
18:34:45:910    LJDUAAHKS0001577
18:34:45:911    LJDYAA297H006HKS2
18:34:45:911    LJDYAA297H006HKS4
18:34:45:912    LJDYAA297H006HKS5
18:34:45:912    LJDYAA297H006HKS7
18:34:45:913    LJDYAA297H006HKS8
18:34:45:914    LJDYAA297H006HKS9
18:34:45:914    LJDYAA297H00HKS10
18:34:45:915    LJDYAA297H00HKS11
18:34:45:915    LJDYAA297H00HKS12
18:34:45:916    LJDYAA297H00HKS13
18:34:45:916    LJDYAA297H00HKS14
18:34:45:917    LJDYAA297H00HKS15
18:34:45:917    LJDYAA297H00HKS16
18:34:45:918    LJDZAA149H0006000
18:34:45:919    VE4IOU5T4HG456434
18:34:45:919    VE4IOU5T4HG456435
18:34:45:920    VE4IOU5T4HG456467
18:34:45:920    VE4IOU5T4HG456468
18:34:45:921    end
18:37:29:136    start
18:37:29:137    LBEMDAFC8GZ873625
18:37:29:137    LJDHAA122F0061931
18:37:29:138    LJDJAA145G0510409
18:37:29:139    LJDMAA227H0407739
18:37:29:139    LJDUAA2GHKS001577
18:37:29:140    LJDUAA2HKS0001577
18:37:29:140    LJDUAAHKS0001577
18:37:29:141    LJDYAA297H006HKS2
18:37:29:142    LJDYAA297H006HKS4
18:37:29:142    LJDYAA297H006HKS5
18:37:29:143    LJDYAA297H006HKS7
18:37:29:144    LJDYAA297H006HKS8
18:37:29:144    LJDYAA297H006HKS9
18:37:29:145    LJDYAA297H00HKS10
18:37:29:145    LJDYAA297H00HKS11
18:37:29:146    LJDYAA297H00HKS12
18:37:29:146    LJDYAA297H00HKS13
18:37:29:147    LJDYAA297H00HKS14
18:37:29:147    LJDYAA297H00HKS15
18:37:29:148    LJDYAA297H00HKS16
18:37:29:149    LJDZAA149H0006000
18:37:29:149    VE4IOU5T4HG456434
18:37:29:150    VE4IOU5T4HG456435
18:37:29:151    VE4IOU5T4HG456467
18:37:29:151    VE4IOU5T4HG456468
18:37:29:152    end
18:40:28:825    start
18:40:28:826    LBEMDAFC8GZ873625
18:40:28:826    LJDHAA122F0061931
18:40:28:827    LJDJAA145G0510409
18:40:28:827    LJDMAA227H0407739
18:40:28:828    LJDUAA2GHKS001577
18:40:28:829    LJDUAA2HKS0001577
18:40:28:829    LJDUAAHKS0001577
18:40:28:830    LJDYAA297H006HKS2
18:40:28:831    LJDYAA297H006HKS4
18:40:28:831    LJDYAA297H006HKS5
18:40:28:832    LJDYAA297H006HKS7
18:40:28:832    LJDYAA297H006HKS8
18:40:28:833    LJDYAA297H006HKS9
18:40:28:833    LJDYAA297H00HKS10
18:40:28:834    LJDYAA297H00HKS11
18:40:28:835    LJDYAA297H00HKS12
18:40:28:835    LJDYAA297H00HKS13
18:40:28:836    LJDYAA297H00HKS14
18:40:28:836    LJDYAA297H00HKS15
18:40:28:837    LJDYAA297H00HKS16
18:40:28:838    LJDZAA149H0006000
18:40:28:838    VE4IOU5T4HG456434
18:40:28:839    VE4IOU5T4HG456435
18:40:28:840    VE4IOU5T4HG456467
18:40:28:840    VE4IOU5T4HG456468
18:40:28:841    end
18:42:58:518    start
18:42:58:518    LBEMDAFC8GZ873625
18:42:58:518    LJDHAA122F0061931
18:42:58:518    LJDJAA145G0510409
18:42:58:519    LJDMAA227H0407739
18:42:58:519    LJDUAA2GHKS001577
18:42:58:519    LJDUAA2HKS0001577
18:42:58:519    LJDUAAHKS0001577
18:42:58:520    LJDYAA297H006HKS2
18:42:58:520    LJDYAA297H006HKS4
18:42:58:520    LJDYAA297H006HKS5
18:42:58:521    LJDYAA297H006HKS7
18:42:58:521    LJDYAA297H006HKS8
18:42:58:521    LJDYAA297H006HKS9
18:42:58:521    LJDYAA297H00HKS10
18:42:58:522    LJDYAA297H00HKS11
18:42:58:522    LJDYAA297H00HKS12
18:42:58:522    LJDYAA297H00HKS13
18:42:58:523    LJDYAA297H00HKS14
18:42:58:523    LJDYAA297H00HKS15
18:42:58:523    LJDYAA297H00HKS16
18:42:58:523    LJDZAA149H0006000
18:42:58:524    VE4IOU5T4HG456434
18:42:58:524    VE4IOU5T4HG456435
18:42:58:524    VE4IOU5T4HG456467
18:42:58:524    VE4IOU5T4HG456468
18:42:58:525    end
18:45:06:024    start
18:45:06:024    LBEMDAFC8GZ873625
18:45:06:025    LJDHAA122F0061931
18:45:06:025    LJDJAA145G0510409
18:45:06:025    LJDMAA227H0407739
18:45:06:025    LJDUAA2GHKS001577
18:45:06:025    LJDUAA2HKS0001577
18:45:06:026    LJDUAAHKS0001577
18:45:06:026    LJDYAA297H006HKS2
18:45:06:026    LJDYAA297H006HKS4
18:45:06:026    LJDYAA297H006HKS5
18:45:06:027    LJDYAA297H006HKS7
18:45:06:027    LJDYAA297H006HKS8
18:45:06:027    LJDYAA297H006HKS9
18:45:06:028    LJDYAA297H00HKS10
18:45:06:028    LJDYAA297H00HKS11
18:45:06:028    LJDYAA297H00HKS12
18:45:06:028    LJDYAA297H00HKS13
18:45:06:029    LJDYAA297H00HKS14
18:45:06:029    LJDYAA297H00HKS15
18:45:06:029    LJDYAA297H00HKS16
18:45:06:030    LJDZAA149H0006000
18:45:06:030    VE4IOU5T4HG456434
18:45:06:030    VE4IOU5T4HG456435
18:45:06:031    VE4IOU5T4HG456467
18:45:06:031    VE4IOU5T4HG456468
18:45:06:031    end
18:50:41:898    start
18:50:41:898    LBEMDAFC8GZ873625
18:50:41:899    LJDHAA122F0061931
18:50:41:899    LJDJAA145G0510409
18:50:41:899    LJDMAA227H0407739
18:50:41:899    LJDUAA2GHKS001577
18:50:41:900    LJDUAA2HKS0001577
18:50:41:900    LJDUAAHKS0001577
18:50:41:900    LJDYAA297H006HKS2
18:50:41:900    LJDYAA297H006HKS4
18:50:41:901    LJDYAA297H006HKS5
18:50:41:901    LJDYAA297H006HKS7
18:50:41:901    LJDYAA297H006HKS8
18:50:41:901    LJDYAA297H006HKS9
18:50:41:902    LJDYAA297H00HKS10
18:50:41:902    LJDYAA297H00HKS11
18:50:41:902    LJDYAA297H00HKS12
18:50:41:902    LJDYAA297H00HKS13
18:50:41:903    LJDYAA297H00HKS14
18:50:41:903    LJDYAA297H00HKS15
18:50:41:903    LJDYAA297H00HKS16
18:50:41:903    LJDZAA149H0006000
18:50:41:904    VE4IOU5T4HG456434
18:50:41:904    VE4IOU5T4HG456435
18:50:41:904    VE4IOU5T4HG456467
18:50:41:904    VE4IOU5T4HG456468
18:50:41:905    end
