10:23:58:222    201601VIN重复审批已通过的数据有条0
201602VIN重复审批已通过的数据有条0
201601VIN重复审批已驳回的数据有条0
201602VIN重复审批已驳回的数据有条0
VIN重复未审批的数据有条0
推荐目录找到的数据有条0
推荐目录未找到的数据有条0
推荐目录金额的数据有条1
删除上次公告目录不匹配结果的数据有条0
插入这次公告目录不匹配参数的数据有条0
公告目录未找到的数据有条0
公告目录找到匹配的数据有条0
公告目录不匹配结果的数据有条0

10:26:21:072    201601VIN重复审批已通过的数据有条0
201602VIN重复审批已通过的数据有条0
201601VIN重复审批已驳回的数据有条0
201602VIN重复审批已驳回的数据有条0
VIN重复未审批的数据有条0
推荐目录找到的数据有条2
推荐目录未找到的数据有条0
推荐目录金额的数据有条2
删除上次公告目录不匹配结果的数据有条0
插入这次公告目录不匹配参数的数据有条1
公告目录未找到的数据有条0
公告目录找到匹配的数据有条1
公告目录不匹配结果的数据有条1

10:29:21:456    201601VIN重复审批已通过的数据有条0
201602VIN重复审批已通过的数据有条0
201601VIN重复审批已驳回的数据有条0
201602VIN重复审批已驳回的数据有条0
VIN重复未审批的数据有条0
推荐目录找到的数据有条2
推荐目录未找到的数据有条0
推荐目录金额的数据有条2
删除上次公告目录不匹配结果的数据有条1
插入这次公告目录不匹配参数的数据有条1
公告目录未找到的数据有条0
公告目录找到匹配的数据有条1
公告目录不匹配结果的数据有条1

11:31:10:539    201601VIN重复审批已通过的数据有条0
201602VIN重复审批已通过的数据有条0
201601VIN重复审批已驳回的数据有条0
201602VIN重复审批已驳回的数据有条0
VIN重复未审批的数据有条0
推荐目录找到的数据有条2
推荐目录未找到的数据有条0
推荐目录金额的数据有条2
删除上次公告目录不匹配结果的数据有条1
插入这次公告目录不匹配参数的数据有条1
公告目录未找到的数据有条0
公告目录找到匹配的数据有条1
公告目录不匹配结果的数据有条1

11:32:07:505    201601VIN重复审批已通过的数据有条0
201602VIN重复审批已通过的数据有条0
201601VIN重复审批已驳回的数据有条0
201602VIN重复审批已驳回的数据有条0
VIN重复未审批的数据有条0
推荐目录找到的数据有条2
推荐目录未找到的数据有条0
推荐目录金额的数据有条2
删除上次公告目录不匹配结果的数据有条1
插入这次公告目录不匹配参数的数据有条1
公告目录未找到的数据有条0
公告目录找到匹配的数据有条1
公告目录不匹配结果的数据有条1

13:32:58:421    201601VIN重复审批已通过的数据有条0
201602VIN重复审批已通过的数据有条0
201601VIN重复审批已驳回的数据有条0
201602VIN重复审批已驳回的数据有条0
VIN重复未审批的数据有条2
推荐目录找到的数据有条1
推荐目录未找到的数据有条0
推荐目录金额的数据有条3
删除上次公告目录不匹配结果的数据有条1
插入这次公告目录不匹配参数的数据有条1
公告目录未找到的数据有条0
公告目录找到匹配的数据有条2
公告目录不匹配结果的数据有条1

