11:43:39:077    推荐目录金额的数据有条6
201601VIN重复审批已通过的数据有条0
201602VIN重复审批已通过的数据有条0
201601VIN重复审批已驳回的数据有条0
201602VIN重复审批已驳回的数据有条0
VIN重复未审批的数据有条6
没有实际意义的数据有条0
删除上次公告目录不匹配结果的数据有条0
插入这次公告目录不匹配参数的数据有条2
公告目录未找到的数据有条0
公告目录找到匹配的数据有条0
公告目录不匹配结果的数据有条0

11:52:59:499    推荐目录金额的数据有条3
201601VIN重复审批已通过的数据有条0
201602VIN重复审批已通过的数据有条0
201601VIN重复审批已驳回的数据有条0
201602VIN重复审批已驳回的数据有条0
VIN重复未审批的数据有条2
没有实际意义的数据有条1
删除上次公告目录不匹配结果的数据有条2
插入这次公告目录不匹配参数的数据有条1
公告目录未找到的数据有条0
公告目录找到匹配的数据有条0
公告目录不匹配结果的数据有条0

13:02:47:421    推荐目录金额的数据有条1200
201601VIN重复审批已通过的数据有条17
201602VIN重复审批已通过的数据有条0
201601VIN重复审批已驳回的数据有条1
201602VIN重复审批已驳回的数据有条0
VIN重复未审批的数据有条16
没有实际意义的数据有条1166
删除上次公告目录不匹配结果的数据有条281
插入这次公告目录不匹配参数的数据有条672
公告目录未找到的数据有条0
公告目录找到匹配的数据有条0
公告目录不匹配结果的数据有条0

13:15:45:005    推荐目录金额的数据有条1200
201601VIN重复审批已通过的数据有条17
201602VIN重复审批已通过的数据有条0
201601VIN重复审批已驳回的数据有条1
201602VIN重复审批已驳回的数据有条0
VIN重复未审批的数据有条16
没有实际意义的数据有条1166
删除上次公告目录不匹配结果的数据有条672
ORA-01652: 无法通过 128 (在表空间 TEMP 中) 扩展 temp 段

