10:01:24:966    推荐目录金额的数据有条3
201601VIN重复审批已通过的数据有条3
201602VIN重复审批已通过的数据有条0
201601VIN重复审批已驳回的数据有条0
201602VIN重复审批已驳回的数据有条0
VIN重复未审批的数据有条0
没有实际意义的数据有条0
删除上次公告目录不匹配结果的数据有条0
插入这次公告目录不匹配参数的数据有条1
公告目录未找到的数据有条0
公告目录找到匹配的数据有条2
公告目录不匹配结果的数据有条1

10:37:00:317    推荐目录金额的数据有条3
201601VIN重复审批已通过的数据有条3
201602VIN重复审批已通过的数据有条0
201601VIN重复审批已驳回的数据有条0
201602VIN重复审批已驳回的数据有条0
VIN重复未审批的数据有条0
没有实际意义的数据有条0
删除上次公告目录不匹配结果的数据有条1
插入这次公告目录不匹配参数的数据有条2
公告目录未找到的数据有条0
公告目录找到匹配的数据有条2
公告目录不匹配结果的数据有条1

11:15:53:276    推荐目录金额的数据有条3
201601VIN重复审批已通过的数据有条3
201602VIN重复审批已通过的数据有条0
201601VIN重复审批已驳回的数据有条0
201602VIN重复审批已驳回的数据有条0
VIN重复未审批的数据有条0
没有实际意义的数据有条0
删除上次公告目录不匹配结果的数据有条2
插入这次公告目录不匹配参数的数据有条3
公告目录未找到的数据有条0
公告目录找到匹配的数据有条2
公告目录不匹配结果的数据有条1

11:35:15:201    推荐目录金额的数据有条3
201601VIN重复审批已通过的数据有条3
201602VIN重复审批已通过的数据有条0
201601VIN重复审批已驳回的数据有条0
201602VIN重复审批已驳回的数据有条0
VIN重复未审批的数据有条0
没有实际意义的数据有条0
删除上次公告目录不匹配结果的数据有条3
插入这次公告目录不匹配参数的数据有条1
公告目录未找到的数据有条0
公告目录找到匹配的数据有条2
公告目录不匹配结果的数据有条1

11:45:25:674    推荐目录金额的数据有条3
201601VIN重复审批已通过的数据有条3
201602VIN重复审批已通过的数据有条0
201601VIN重复审批已驳回的数据有条0
201602VIN重复审批已驳回的数据有条0
VIN重复未审批的数据有条0
没有实际意义的数据有条0
删除上次公告目录不匹配结果的数据有条1
插入这次公告目录不匹配参数的数据有条1
公告目录未找到的数据有条0
公告目录找到匹配的数据有条2
公告目录不匹配结果的数据有条1

