16:47:52:535    推荐目录金额的数据有条8
201601VIN重复审批已通过的数据有条1
201602VIN重复审批已通过的数据有条0
201601VIN重复审批已驳回的数据有条0
201602VIN重复审批已驳回的数据有条0
VIN重复未审批的数据有条7
没有实际意义的数据有条0
删除上次公告目录不匹配结果的数据有条0
插入这次公告目录不匹配参数的数据有条0
公告目录未找到的数据有条0
公告目录找到匹配的数据有条0
公告目录不匹配结果的数据有条0

17:01:34:050    推荐目录金额的数据有条8
201601VIN重复审批已通过的数据有条1
201602VIN重复审批已通过的数据有条0
201601VIN重复审批已驳回的数据有条0
201602VIN重复审批已驳回的数据有条0
VIN重复未审批的数据有条3
没有实际意义的数据有条4
删除上次公告目录不匹配结果的数据有条0
插入这次公告目录不匹配参数的数据有条0
公告目录未找到的数据有条0
公告目录找到匹配的数据有条0
公告目录不匹配结果的数据有条0

17:03:41:390    推荐目录金额的数据有条8
201601VIN重复审批已通过的数据有条1
201602VIN重复审批已通过的数据有条0
201601VIN重复审批已驳回的数据有条0
201602VIN重复审批已驳回的数据有条0
VIN重复未审批的数据有条3
没有实际意义的数据有条4
删除上次公告目录不匹配结果的数据有条0
插入这次公告目录不匹配参数的数据有条0
公告目录未找到的数据有条0
公告目录找到匹配的数据有条0
公告目录不匹配结果的数据有条0

