08:33:18:491    201601VIN重复审批已通过的数据有条0
201602VIN重复审批已通过的数据有条0
201601VIN重复审批已驳回的数据有条0
201602VIN重复审批已驳回的数据有条0
VIN重复未审批的数据有条2
推荐目录找到的数据有条0
推荐目录未找到的数据有条1
推荐目录金额的数据有条3
删除上次公告目录不匹配结果的数据有条0
插入这次公告目录不匹配参数的数据有条0
公告目录未找到的数据有条3
公告目录找到匹配的数据有条0
公告目录不匹配结果的数据有条0

08:50:58:318    201601VIN重复审批已通过的数据有条0
201602VIN重复审批已通过的数据有条0
201601VIN重复审批已驳回的数据有条0
201602VIN重复审批已驳回的数据有条0
VIN重复未审批的数据有条2
推荐目录找到的数据有条0
推荐目录未找到的数据有条1
推荐目录金额的数据有条3
删除上次公告目录不匹配结果的数据有条0
插入这次公告目录不匹配参数的数据有条0
公告目录未找到的数据有条3
公告目录找到匹配的数据有条0
公告目录不匹配结果的数据有条0

16:13:07:738    201601VIN重复审批已通过的数据有条14
201602VIN重复审批已通过的数据有条0
201601VIN重复审批已驳回的数据有条0
201602VIN重复审批已驳回的数据有条0
VIN重复未审批的数据有条0
推荐目录找到的数据有条1008
推荐目录未找到的数据有条0
推荐目录金额的数据有条1025
删除上次公告目录不匹配结果的数据有条0
插入这次公告目录不匹配参数的数据有条271
公告目录未找到的数据有条0
公告目录找到匹配的数据有条751
公告目录不匹配结果的数据有条271

