10:23:55:254    Step1：校验模板,看是否齐全，并修改附件中图片后缀耗时：0时0分0秒
10:23:56:599    Step3：读取模板，按照固定的行列读取耗时：0时0分1秒
10:23:56:605    Step4：分析模板，看附件2*.xlsx对应的车牌在附件3*.xlsx中是否存在耗时：0时0分0秒
10:23:56:951    Step5：检验VIN、车辆牌照是否在系统中已存在耗时：0时0分1秒
10:26:19:012    Step1：校验模板,看是否齐全，并修改附件中图片后缀耗时：0时0分0秒
10:26:19:166    Step3：读取模板，按照固定的行列读取耗时：0时0分0秒
10:26:19:167    Step4：分析模板，看附件2*.xlsx对应的车牌在附件3*.xlsx中是否存在耗时：0时0分0秒
10:26:19:422    Step5：检验VIN、车辆牌照是否在系统中已存在耗时：0时0分0秒
10:26:19:771    Step6：插入数据耗时==========：0时0分0秒
10:29:06:162    Step1：校验模板,看是否齐全，并修改附件中图片后缀耗时：0时0分0秒
10:29:06:345    Step3：读取模板，按照固定的行列读取耗时：0时0分0秒
10:29:06:346    Step4：分析模板，看附件2*.xlsx对应的车牌在附件3*.xlsx中是否存在耗时：0时0分0秒
10:29:06:644    Step5：检验VIN、车辆牌照是否在系统中已存在耗时：0时0分0秒
10:29:20:001    Step6：插入数据耗时==========：0时0分13秒
11:25:30:328    Step1：校验模板,看是否齐全，并修改附件中图片后缀耗时：0时0分0秒
11:28:34:203    Step3：读取模板，按照固定的行列读取耗时：0时3分3秒
11:31:05:901    Step4：分析模板，看附件2*.xlsx对应的车牌在附件3*.xlsx中是否存在耗时：0时2分31秒
11:31:09:233    Step5：检验VIN、车辆牌照是否在系统中已存在耗时：0时3分7秒
11:31:09:338    Step6：插入数据耗时==========：0时2分31秒
11:32:03:184    Step1：校验模板,看是否齐全，并修改附件中图片后缀耗时：0时0分0秒
11:32:05:441    Step3：读取模板，按照固定的行列读取耗时：0时0分2秒
11:32:06:020    Step4：分析模板，看附件2*.xlsx对应的车牌在附件3*.xlsx中是否存在耗时：0时0分0秒
11:32:06:279    Step5：检验VIN、车辆牌照是否在系统中已存在耗时：0时0分2秒
11:32:06:296    Step6：插入数据耗时==========：0时0分0秒
13:26:10:693    Step1：校验模板,看是否齐全，并修改附件中图片后缀耗时：0时0分0秒
13:26:24:462    Step3：读取模板，按照固定的行列读取耗时：0时0分13秒
13:32:30:347    Step1：校验模板,看是否齐全，并修改附件中图片后缀耗时：0时0分0秒
13:32:30:562    Step3：读取模板，按照固定的行列读取耗时：0时0分0秒
13:32:56:997    Step4：分析模板，看附件2*.xlsx对应的车牌在附件3*.xlsx中是否存在耗时：0时0分26秒
13:32:57:064    Step6：插入数据耗时==========：0时0分0秒
