14:37:18:960    Step1：校验模板,看是否齐全，并修改附件中图片后缀耗时：0时0分0秒
14:37:20:681    Step3：读取模板，按照固定的行列读取耗时：0时0分1秒
14:37:20:752    Step4：分析模板，看附件2*.xlsx对应的车牌在附件3*.xlsx中是否存在耗时：0时0分0秒
14:37:20:866    Step5：检验VIN、车辆牌照是否在系统中已存在耗时：0时0分1秒
14:37:24:243    Step6：插入数据耗时==========：0时0分3秒
17:20:34:877    Step1：校验模板,看是否齐全，并修改附件中图片后缀耗时：0时0分0秒
17:20:35:540    Step3：读取模板，按照固定的行列读取耗时：0时0分0秒
17:20:35:587    Step4：分析模板，看附件2*.xlsx对应的车牌在附件3*.xlsx中是否存在耗时：0时0分0秒
17:20:35:608    Step5：检验VIN、车辆牌照是否在系统中已存在耗时：0时0分0秒
17:20:43:345    Step6：插入数据耗时==========：0时0分7秒
19:45:39:398    Step1：校验模板,看是否齐全，并修改附件中图片后缀耗时：0时0分0秒
19:45:40:088    Step3：读取模板，按照固定的行列读取耗时：0时0分0秒
19:45:40:144    Step4：分析模板，看附件2*.xlsx对应的车牌在附件3*.xlsx中是否存在耗时：0时0分0秒
19:45:40:159    Step5：检验VIN、车辆牌照是否在系统中已存在耗时：0时0分0秒
19:45:43:369    Step6：插入数据耗时==========：0时0分3秒
20:11:33:523    Step1：校验模板,看是否齐全，并修改附件中图片后缀耗时：0时0分0秒
20:11:34:172    Step3：读取模板，按照固定的行列读取耗时：0时0分0秒
20:11:34:229    Step4：分析模板，看附件2*.xlsx对应的车牌在附件3*.xlsx中是否存在耗时：0时0分0秒
20:11:34:245    Step5：检验VIN、车辆牌照是否在系统中已存在耗时：0时0分0秒
20:11:37:546    Step6：插入数据耗时==========：0时0分3秒
20:14:59:563    Step1：校验模板,看是否齐全，并修改附件中图片后缀耗时：0时0分0秒
20:15:00:176    Step3：读取模板，按照固定的行列读取耗时：0时0分0秒
20:15:00:261    Step4：分析模板，看附件2*.xlsx对应的车牌在附件3*.xlsx中是否存在耗时：0时0分0秒
20:15:00:274    Step5：检验VIN、车辆牌照是否在系统中已存在耗时：0时0分0秒
20:15:03:859    Step6：插入数据耗时==========：0时0分3秒
