11:42:27:308    Step1：校验模板,看是否齐全，并修改附件中图片后缀耗时：0时0分0秒
11:42:27:992    Step3：读取模板，按照固定的行列读取耗时：0时0分0秒
11:42:28:010    Step4：分析模板，看附件2*.xlsx对应的车牌在附件3*.xlsx中是否存在耗时：0时0分0秒
11:42:28:051    Step6：插入数据耗时==========：0时0分0秒
11:42:28:163    Step2：统一图片后缀为.jpg，拷贝缩略图耗时：0时0分0秒
11:52:50:232    Step1：校验模板,看是否齐全，并修改附件中图片后缀耗时：0时0分0秒
11:52:50:491    Step3：读取模板，按照固定的行列读取耗时：0时0分0秒
11:52:50:495    Step4：分析模板，看附件2*.xlsx对应的车牌在附件3*.xlsx中是否存在耗时：0时0分0秒
11:52:50:534    Step6：插入数据耗时==========：0时0分0秒
11:52:50:586    Step2：统一图片后缀为.jpg，拷贝缩略图耗时：0时0分0秒
11:56:31:890    Step1：校验模板,看是否齐全，并修改附件中图片后缀耗时：0时0分0秒
11:56:32:515    Step3：读取模板，按照固定的行列读取耗时：0时0分0秒
11:56:32:563    Step4：分析模板，看附件2*.xlsx对应的车牌在附件3*.xlsx中是否存在耗时：0时0分0秒
11:56:36:216    Step6：插入数据耗时==========：0时0分4秒
11:56:36:282    Step2：统一图片后缀为.jpg，拷贝缩略图耗时：0时0分0秒
13:07:36:805    Step1：校验模板,看是否齐全，并修改附件中图片后缀耗时：0时0分0秒
13:07:37:432    Step3：读取模板，按照固定的行列读取耗时：0时0分0秒
13:07:37:508    Step4：分析模板，看附件2*.xlsx对应的车牌在附件3*.xlsx中是否存在耗时：0时0分0秒
13:07:42:086    Step6：插入数据耗时==========：0时0分5秒
13:07:42:167    Step2：统一图片后缀为.jpg，拷贝缩略图耗时：0时0分0秒
