16:09:34:853    Step1：校验模板,看是否齐全，并修改附件中图片后缀耗时：0时0分0秒
16:09:35:688    Step3：读取模板，按照固定的行列读取耗时：0时0分0秒
16:09:35:716    Step4：分析模板，看附件2*.xlsx对应的车牌在附件3*.xlsx中是否存在耗时：0时0分0秒
16:09:35:782    Step6：插入数据耗时==========：0时0分0秒
16:09:35:890    Step2：统一图片后缀为.jpg，拷贝缩略图耗时：0时0分0秒
16:28:57:726    Step1：校验模板,看是否齐全，并修改附件中图片后缀耗时：0时0分0秒
16:28:58:030    Step3：读取模板，按照固定的行列读取耗时：0时0分0秒
16:28:58:035    Step4：分析模板，看附件2*.xlsx对应的车牌在附件3*.xlsx中是否存在耗时：0时0分0秒
16:28:58:086    Step6：插入数据耗时==========：0时0分0秒
16:28:58:137    Step2：统一图片后缀为.jpg，拷贝缩略图耗时：0时0分0秒
16:43:20:967    Step1：校验模板,看是否齐全，并修改附件中图片后缀耗时：0时0分0秒
16:47:41:419    Step1：校验模板,看是否齐全，并修改附件中图片后缀耗时：0时0分0秒
16:47:41:687    Step3：读取模板，按照固定的行列读取耗时：0时0分0秒
16:47:41:692    Step4：分析模板，看附件2*.xlsx对应的车牌在附件3*.xlsx中是否存在耗时：0时0分0秒
16:47:41:742    Step6：插入数据耗时==========：0时0分0秒
16:47:41:947    Step2：统一图片后缀为.jpg，拷贝缩略图耗时：0时0分0秒
17:01:08:518    Step1：校验模板,看是否齐全，并修改附件中图片后缀耗时：0时0分0秒
17:01:08:816    Step3：读取模板，按照固定的行列读取耗时：0时0分0秒
17:01:08:821    Step4：分析模板，看附件2*.xlsx对应的车牌在附件3*.xlsx中是否存在耗时：0时0分0秒
17:01:09:127    Step6：插入数据耗时==========：0时0分0秒
17:01:09:341    Step2：统一图片后缀为.jpg，拷贝缩略图耗时：0时0分0秒
17:03:08:716    Step1：校验模板,看是否齐全，并修改附件中图片后缀耗时：0时0分0秒
17:03:08:984    Step3：读取模板，按照固定的行列读取耗时：0时0分0秒
17:03:08:988    Step4：分析模板，看附件2*.xlsx对应的车牌在附件3*.xlsx中是否存在耗时：0时0分0秒
17:03:09:050    Step6：插入数据耗时==========：0时0分0秒
17:03:09:260    Step2：统一图片后缀为.jpg，拷贝缩略图耗时：0时0分0秒
