14:26:34:407    *** 服务器启动 *** 
14:26:34:468    == 自动Socket接收打开 ==
14:26:34:512    == 自动Merger合并打开 ==
14:26:34:520    == 自动Statistics统计打开 ==
14:26:34:527    *** 开始接收合并，伴随启动 *** 
14:26:34:530    *** 停止上报，伴随启动 *** 
14:26:35:505    == 自动Socket接收打开 ==
14:26:35:523    == 自动Statistics统计打开 ==
14:26:36:508    == 自动Socket接收打开 ==
14:26:36:526    == 自动Statistics统计打开 ==
14:26:37:510    == 自动Socket接收打开 ==
14:26:37:528    == 自动Statistics统计打开 ==
14:26:37:665    == 自动Merger合并打开 ==
14:26:38:513    == 自动Socket接收打开 ==
14:26:38:604    == 自动Statistics统计打开 ==
14:26:38:668    == 自动Merger合并打开 ==
14:26:39:516    == 自动Socket接收打开 ==
14:26:39:606    == 自动Statistics统计打开 ==
14:26:39:672    == 自动Merger合并打开 ==
14:26:40:519    == 自动Socket接收打开 ==
14:26:40:610    == 自动Statistics统计打开 ==
14:26:40:674    == 自动Merger合并打开 ==
14:26:41:522    == 自动Socket接收打开 ==
14:26:41:613    == 自动Statistics统计打开 ==
14:26:41:677    == 自动Merger合并打开 ==
14:26:42:524    == 自动Socket接收打开 ==
14:26:42:616    == 自动Statistics统计打开 ==
14:26:42:679    == 自动Merger合并打开 ==
14:26:43:552    == 自动Socket接收打开 ==
14:26:43:618    == 自动Statistics统计打开 ==
14:26:43:683    == 自动Merger合并打开 ==
14:26:44:553    == 自动Socket接收打开 ==
14:26:44:620    == 自动Statistics统计打开 ==
14:26:44:685    == 自动Merger合并打开 ==
14:26:45:555    == 自动Socket接收打开 ==
14:26:45:623    == 自动Statistics统计打开 ==
14:26:45:688    == 自动Merger合并打开 ==
14:26:46:558    == 自动Socket接收打开 ==
14:26:46:626    == 自动Statistics统计打开 ==
14:26:46:691    == 自动Merger合并打开 ==
14:26:47:559    == 自动Socket接收打开 ==
14:26:47:629    == 自动Statistics统计打开 ==
14:26:47:695    == 自动Merger合并打开 ==
14:26:48:561    == 自动Socket接收打开 ==
14:26:48:632    == 自动Statistics统计打开 ==
14:26:48:697    == 自动Merger合并打开 ==
14:26:49:592    == 自动Socket接收打开 ==
14:26:49:634    == 自动Statistics统计打开 ==
14:26:49:699    == 自动Merger合并打开 ==
14:26:50:594    == 自动Socket接收打开 ==
14:26:50:637    == 自动Statistics统计打开 ==
14:26:50:703    == 自动Merger合并打开 ==
14:26:51:596    == 自动Socket接收打开 ==
14:26:51:640    == 自动Statistics统计打开 ==
14:26:51:705    == 自动Merger合并打开 ==
14:26:52:599    == 自动Socket接收打开 ==
14:26:52:642    == 自动Statistics统计打开 ==
14:26:52:708    == 自动Merger合并打开 ==
14:26:53:604    == 自动Socket接收打开 ==
14:26:53:646    == 自动Statistics统计打开 ==
14:26:53:711    == 自动Merger合并打开 ==
14:26:54:608    == 自动Socket接收打开 ==
14:26:54:650    == 自动Statistics统计打开 ==
14:26:54:715    == 自动Merger合并打开 ==
14:26:55:653    == 自动Statistics统计打开 ==
14:26:55:655    == 自动Socket接收打开 ==
14:26:55:717    == 自动Merger合并打开 ==
14:26:56:656    == 自动Statistics统计打开 ==
14:26:56:657    == 自动Socket接收打开 ==
14:26:56:719    == 自动Merger合并打开 ==
14:26:57:658    == 自动Statistics统计打开 ==
14:26:57:660    == 自动Socket接收打开 ==
14:26:57:721    == 自动Merger合并打开 ==
14:26:58:661    == 自动Statistics统计打开 ==
14:26:58:663    == 自动Socket接收打开 ==
14:26:58:724    == 自动Merger合并打开 ==
14:26:59:665    == 自动Statistics统计打开 ==
14:26:59:667    == 自动Socket接收打开 ==
14:26:59:726    == 自动Merger合并打开 ==
14:27:00:667    == 自动Statistics统计打开 ==
14:27:00:668    == 自动Socket接收打开 ==
14:27:00:728    == 自动Merger合并打开 ==
14:27:01:697    == 自动Socket接收打开 ==
14:27:01:699    == 自动Statistics统计打开 ==
14:27:01:732    == 自动Merger合并打开 ==
14:27:02:700    == 自动Socket接收打开 ==
14:27:02:701    == 自动Statistics统计打开 ==
14:27:02:735    == 自动Merger合并打开 ==
14:27:03:702    == 自动Socket接收打开 ==
14:27:03:703    == 自动Statistics统计打开 ==
14:27:03:737    == 自动Merger合并打开 ==
14:27:04:704    == 自动Socket接收打开 ==
14:27:04:705    == 自动Statistics统计打开 ==
14:27:04:740    == 自动Merger合并打开 ==
14:27:05:705    == 自动Socket接收打开 ==
14:27:05:706    == 自动Statistics统计打开 ==
14:27:05:742    == 自动Merger合并打开 ==
14:27:06:708    == 自动Socket接收打开 ==
14:27:06:709    == 自动Statistics统计打开 ==
14:27:06:744    == 自动Merger合并打开 ==
14:27:07:754    == 自动Merger合并打开 ==
14:27:07:755    == 自动Socket接收打开 ==
14:27:07:756    == 自动Statistics统计打开 ==
14:27:08:755    == 自动Merger合并打开 ==
14:27:08:757    == 自动Statistics统计打开 ==
14:27:08:757    == 自动Socket接收打开 ==
14:27:09:756    == 自动Merger合并打开 ==
14:27:09:758    == 自动Statistics统计打开 ==
14:27:09:758    == 自动Socket接收打开 ==
14:27:10:758    == 自动Merger合并打开 ==
14:27:10:760    == 自动Socket接收打开 ==
14:27:10:760    == 自动Statistics统计打开 ==
14:27:11:759    == 自动Merger合并打开 ==
14:27:11:761    == 自动Socket接收打开 ==
14:27:11:762    == 自动Statistics统计打开 ==
14:27:12:761    == 自动Merger合并打开 ==
14:27:12:763    == 自动Socket接收打开 ==
14:27:12:764    == 自动Statistics统计打开 ==
14:27:13:763    == 自动Merger合并打开 ==
14:27:13:764    == 自动Socket接收打开 ==
14:27:13:765    == 自动Statistics统计打开 ==
14:27:14:765    == 自动Merger合并打开 ==
14:27:14:766    == 自动Socket接收打开 ==
14:27:14:767    == 自动Statistics统计打开 ==
14:27:15:766    == 自动Merger合并打开 ==
14:27:15:767    == 自动Socket接收打开 ==
14:27:15:768    == 自动Statistics统计打开 ==
14:27:16:769    == 自动Merger合并打开 ==
14:27:16:770    == 自动Statistics统计打开 ==
14:27:16:771    == 自动Socket接收打开 ==
14:27:17:769    == 自动Merger合并打开 ==
14:27:17:771    == 自动Statistics统计打开 ==
14:27:17:772    == 自动Socket接收打开 ==
14:27:18:771    == 自动Merger合并打开 ==
14:27:18:772    == 自动Statistics统计打开 ==
14:27:18:773    == 自动Socket接收打开 ==
14:27:19:772    == 自动Merger合并打开 ==
14:27:19:773    == 自动Statistics统计打开 ==
14:27:19:774    == 自动Socket接收打开 ==
14:27:20:462    *** 停止接收合并 *** 
14:27:43:554    *** 服务器关闭 *** 
14:27:43:556    *** 服务器关闭 *** 
