15:18:14:963    *** 服务器启动 *** 
15:18:15:120    == 自动Socket接收打开 ==
15:18:15:148    == 自动Statistics统计打开 ==
15:18:15:177    == 自动Merger合并打开 ==
15:18:16:149    == 自动Statistics统计打开 ==
15:18:16:152    == 自动Socket接收打开 ==
15:18:16:301    == 自动Merger合并打开 ==
15:18:17:151    == 自动Statistics统计打开 ==
15:18:17:154    == 自动Socket接收打开 ==
15:18:17:304    == 自动Merger合并打开 ==
15:18:18:152    == 自动Statistics统计打开 ==
15:18:18:155    == 自动Socket接收打开 ==
15:18:18:306    == 自动Merger合并打开 ==
15:18:19:155    == 自动Statistics统计打开 ==
15:18:19:158    == 自动Socket接收打开 ==
15:18:19:309    == 自动Merger合并打开 ==
15:18:20:157    == 自动Statistics统计打开 ==
15:18:20:159    == 自动Socket接收打开 ==
15:18:20:311    == 自动Merger合并打开 ==
15:18:21:158    == 自动Statistics统计打开 ==
15:18:21:160    == 自动Socket接收打开 ==
15:18:21:312    == 自动Merger合并打开 ==
15:18:21:348    *** 服务器关闭 *** 
