08:48:15:102    1
08:48:15:679    34020709017407
08:48:15:732    35010107017312
08:48:15:843    41001307027071
08:48:15:926    41010105017849
08:48:16:012    1306060501b119
08:48:16:387    32042406097159
08:48:16:460    32042406097158
08:48:23:353    11002702017008
08:48:23:394    37080105017060
08:48:23:427    4206010501c135
08:48:24:007    41030101027084
08:48:24:565    41030101027083
08:48:24:650    42033901017205
08:48:25:562    41030101027082
08:48:26:152    42033901017204
08:48:26:742    41030101027081
08:48:26:803    32042406097157
08:48:26:846    32042406097156
08:48:26:922    22010305018071
08:48:26:961    32042406097155
08:48:27:008    32050406017954
08:48:27:052    32042406097154
08:48:27:087    35062105017135
08:48:27:154    32050406017953
08:48:27:220    42133805017430
08:48:27:287    13060106027732
08:48:27:333    13060106027731
08:48:27:380    13060106027730
08:48:27:425    13041405027156
08:48:28:489    13060106027729
08:48:28:528    15020104017362
08:48:28:604    13060106027728
08:48:28:678    42034705017050
08:48:30:203    31002005017059
08:48:30:263    31002005017058
08:48:30:325    15020105017113
08:48:30:413    31002006017833
08:48:30:463    31002006017832
08:48:30:813    31002006017831
08:48:30:923    31002006017830
08:48:30:997    11002701017477
08:48:31:100    13060105017135
08:48:31:169    37013505127949
08:48:31:232    15020105017112
08:48:31:303    44031305067019
08:48:31:346    31002006017829
08:48:31:414    31002006017828
08:48:31:453    42133805017429
08:48:31:490    32061306057005
08:48:31:546    34010101017605
08:48:32:124    32061306057004
08:48:32:289    31002006017827
08:48:32:343    31002006017826
08:48:32:449    37013505127948
08:48:32:508    31002006017825
08:48:32:555    31002006017824
08:48:32:598    42134605017029
08:48:32:646    31002006017823
08:48:32:717    31002006017822
08:48:32:755    22010305018077
08:48:32:878    08400708017092
08:48:33:990    08401806237003
08:48:34:337    34111409017032
08:48:34:404    34111409017031
08:48:34:442    45021705019645
08:48:34:828    45021705019644
08:48:34:876    42130205017682
08:48:34:923    32012906037414
08:48:34:976    32060505027028
08:48:35:343    37110801017410
08:48:35:399    37110801017409
08:48:35:445    37110801017408
08:48:35:833    37110801017407
08:48:35:987    41030105027032
08:48:36:031    45021705019643
08:48:36:097    41030105027031
08:48:36:159    41030105027030
08:48:36:547    41030105027029
08:48:36:598    41030105027028
08:48:36:651    42130205017681
08:48:36:823    32010305017397
08:48:36:926    42131005017269
08:48:37:004    32010305017396
08:48:37:045    32010305017395
08:48:37:108    32010103027383
08:48:37:179    32010305017394
08:48:37:236    41030105027027
08:48:37:584    32014403097051
08:48:37:655    15020505017063
08:48:38:231    32010305017393
08:48:38:310    32014403097050
08:48:39:420    32010305017392
08:48:39:547    44031306067124
08:48:39:619    32014403097049
08:48:39:991    32010305017391
08:48:40:077    32010305017390
08:48:40:143    32014403097048
08:48:40:412    32014403097047
08:48:40:454    32010305017389
08:48:40:501    32014403097046
08:48:40:546    21130405027019
08:48:40:605    31002005017057
08:48:40:658    31002006017819
08:48:40:994    37030509027007
08:48:41:046    31002006017818
08:48:41:094    32014403097045
08:48:41:163    37030509027006
08:48:41:514    31002006017821
08:48:41:540    31002006017820
08:48:41:589    32010305017388
08:48:41:635    31002006017813
08:48:42:701    31002006017812
08:48:42:733    31002006017815
08:48:42:889    31002006017814
08:48:43:570    37082309017221
08:48:43:681    31002006017817
08:48:44:048    31002006017816
08:48:44:086    37082309017220
08:48:44:124    32010305017387
08:48:44:508    32010305017386
08:48:44:868    32010305017385
08:48:44:911    32010305017384
08:48:44:968    32010305017383
08:48:45:022    32010305017382
08:48:45:067    32010305017381
08:48:45:130    32010305017380
08:48:45:238    32010305017379
08:48:45:693    37150501017070
08:48:45:778    32010305017378
08:48:45:845    32010305017377
08:48:45:920    32010305017376
08:48:45:994    32010305017375
08:48:46:060    32111105017216
08:48:46:139    32010305017374
08:48:46:206    32010305017373
08:48:46:287    32010305017372
08:48:46:347    37088809017042
08:48:46:414    37088809017041
08:48:46:806    22010305018076
08:48:46:911    43010606017116
08:48:47:491    43010606017115
08:48:47:933    32061306057003
08:48:48:009    32090107017748
08:48:48:567    32090107017747
08:48:48:608    37071102017051
08:48:48:671    22010305018075
08:48:48:729    44074705027016
08:48:48:771    41101505017034
08:48:48:866    13014606037013
08:48:49:257    37013505127947
08:48:49:320    37080T09017039
08:48:49:382    61030101027090
08:48:49:452    22010305018074
08:48:49:502    45021705019642
08:49:28:358    1
08:49:28:447    34020709017407
08:49:28:523    35010107017312
08:49:28:914    41001307027071
08:49:28:957    41010105017849
08:49:29:006    1306060501b119
08:49:29:060    32042406097159
08:49:30:667    32042406097158
08:49:31:056    11002702017008
08:49:31:140    37080105017060
08:49:31:222    4206010501c135
08:49:31:281    41030101027084
08:49:31:357    41030101027083
08:58:35:360    1
08:58:35:854    34020709017407
08:58:35:891    35010107017312
08:58:35:929    41001307027071
08:58:36:003    41010105017849
08:58:36:382    1306060501b119
08:58:36:418    32042406097159
08:58:36:455    32042406097158
08:58:36:495    11002702017008
08:58:36:891    37080105017060
08:58:36:926    4206010501c135
08:58:36:959    41030101027084
08:58:36:990    41030101027083
08:58:39:244    42033901017205
08:58:39:912    41030101027082
08:58:39:982    42033901017204
08:58:40:031    41030101027081
08:58:40:070    32042406097157
08:58:40:125    32042406097156
08:58:40:163    22010305018071
08:58:40:528    32042406097155
08:58:40:565    32050406017954
08:58:40:632    32042406097154
08:58:40:662    35062105017135
08:58:40:696    32050406017953
08:58:40:756    42133805017430
08:58:40:801    13060106027732
08:58:40:847    13060106027731
08:58:40:908    13060106027730
08:58:40:949    13041405027156
08:58:41:005    13060106027729
08:58:41:051    15020104017362
08:58:41:446    13060106027728
08:58:41:512    42034705017050
08:58:41:544    31002005017059
08:58:41:605    31002005017058
08:58:42:774    15020105017113
08:58:42:815    31002006017833
08:58:42:871    31002006017832
08:58:42:936    31002006017831
08:58:43:024    31002006017830
08:58:43:061    11002701017477
08:58:43:112    13060105017135
08:58:43:212    37013505127949
08:58:43:249    15020105017112
08:58:43:304    44031305067019
08:58:43:877    31002006017829
08:58:43:912    31002006017828
08:58:43:992    42133805017429
08:58:44:073    32061306057005
08:58:44:116    34010101017605
08:58:44:154    32061306057004
08:58:44:232    31002006017827
08:58:44:279    31002006017826
08:58:44:332    37013505127948
08:58:44:374    31002006017825
08:58:44:735    31002006017824
08:58:44:774    42134605017029
08:58:44:812    31002006017823
08:58:45:900    31002006017822
08:58:45:937    22010305018077
08:58:45:990    08400708017092
08:58:46:024    08401806237003
08:58:46:062    34111409017032
08:58:46:102    34111409017031
08:58:46:129    45021705019645
08:58:46:602    45021705019644
08:58:48:300    42130205017682
08:58:49:871    32012906037414
08:58:49:905    32060505027028
08:58:50:495    37110801017410
08:58:50:531    37110801017409
08:58:50:589    37110801017408
08:58:50:656    37110801017407
08:58:50:700    41030105027032
08:58:50:743    45021705019643
08:58:50:801    41030105027031
08:58:50:843    41030105027030
08:58:51:006    41030105027029
08:58:51:041    41030105027028
08:58:51:321    42130205017681
08:58:51:363    32010305017397
08:58:51:418    42131005017269
08:58:51:772    32010305017396
08:58:51:814    32010305017395
08:58:51:845    32010103027383
08:58:51:889    32010305017394
08:58:51:940    41030105027027
08:58:52:019    32014403097051
08:58:52:051    15020505017063
08:58:52:086    32010305017393
08:58:52:125    32014403097050
08:58:52:169    32010305017392
08:58:52:251    44031306067124
08:58:52:288    32014403097049
08:58:52:326    32010305017391
08:58:52:709    32010305017390
08:58:52:744    32014403097048
08:58:52:782    32014403097047
08:58:52:831    32010305017389
08:58:52:893    32014403097046
08:58:52:955    21130405027019
08:58:53:335    31002005017057
08:58:55:045    31002006017819
08:58:55:100    37030509027007
08:58:55:134    31002006017818
08:58:55:172    32014403097045
08:58:55:204    37030509027006
08:58:55:252    31002006017821
08:58:55:285    31002006017820
08:58:55:336    32010305017388
08:58:55:367    31002006017813
08:58:55:413    31002006017812
08:58:55:458    31002006017815
08:58:56:146    31002006017814
08:58:56:176    37082309017221
08:58:56:236    31002006017817
08:58:56:299    31002006017816
08:58:56:341    37082309017220
08:58:56:383    32010305017387
08:58:56:427    32010305017386
08:58:56:487    32010305017385
08:58:56:578    32010305017384
08:58:56:622    32010305017383
08:58:56:656    32010305017382
08:58:56:704    32010305017381
08:58:56:773    32010305017380
08:58:56:832    32010305017379
08:58:58:023    37150501017070
08:58:58:086    32010305017378
08:58:58:134    32010305017377
08:58:58:173    32010305017376
08:58:58:225    32010305017375
08:58:58:260    32111105017216
08:58:58:351    32010305017374
08:58:58:392    32010305017373
08:58:58:430    32010305017372
08:58:58:478    37088809017042
08:58:58:525    37088809017041
08:58:58:559    22010305018076
08:58:58:619    43010606017116
08:58:58:675    43010606017115
08:58:59:039    32061306057003
08:58:59:079    32090107017748
08:58:59:110    32090107017747
08:58:59:144    37071102017051
08:58:59:191    22010305018075
08:58:59:219    44074705027016
08:58:59:579    41101505017034
08:58:59:609    13014606037013
08:58:59:650    37013505127947
08:58:59:711    37080T09017039
08:58:59:771    61030101027090
08:58:59:843    22010305018074
08:58:59:884    45021705019642
08:58:59:998    45021705019641
08:59:00:380    13100605017102
08:59:00:411    34020107027433
08:59:00:482    61030104027012
08:59:00:528    61030105027175
08:59:00:591    61030105027174
08:59:00:632    61030111027029
08:59:00:691    33013606097013
08:59:00:735    37085809017065
08:59:00:798    42132505017484
08:59:01:171    37085809017064
08:59:01:210    32012505017446
08:59:01:806    51201104017033
08:59:01:911    51201105017033
08:59:03:090    61030104027011
08:59:03:127    42031905437109
08:59:03:192    61030103027157
08:59:03:268    37022405037454
08:59:03:333    34020107027430
08:59:03:370    34020107027431
08:59:03:413    34020107027432
08:59:03:458    37022405037453
08:59:03:527    37022405037452
08:59:03:567    45020305018164
08:59:03:975    61030101027089
08:59:04:004    32014405097276
08:59:04:046    2201010707l302
08:59:04:088    2201010707l301
08:59:04:131    2201010707l300
08:59:04:186    2201010707l299
08:59:04:229    2201010707l298
08:59:04:277    2201010707l297
08:59:04:350    2201010707l296
08:59:04:449    2201010707l295
08:59:04:491    2201010707l294
08:59:04:546    2201010707l293
08:59:04:600    2201010707l292
08:59:05:183    2201010707l291
08:59:05:272    2201010707l290
08:59:05:334    2201010707l289
08:59:06:530    2201010707l288
08:59:07:991    2201010707l287
08:59:08:053    2201010707l286
08:59:08:455    2201010707l285
08:59:08:513    2201010707l284
08:59:08:589    2201010707l283
08:59:08:648    2201010707l282
08:59:09:219    2201010607a107
08:59:09:316    2201010707l281
08:59:09:346    2201010707l280
08:59:10:045    2201010707l279
08:59:10:082    2201010707l278
08:59:10:227    2201010707l277
08:59:10:265    2201010707l276
08:59:10:293    2201010707l275
08:59:10:339    2201010707l274
08:59:10:400    2201010707l273
08:59:10:448    2201010707l272
08:59:10:484    2201010707l271
08:59:10:568    2201010707l270
08:59:10:611    2201010707l269
08:59:11:163    2201010707l268
08:59:11:262    2201010707l267
08:59:11:313    2201010707l266
08:59:11:365    2201010707l265
08:59:11:417    2201010707l264
08:59:11:495    2201010707l263
08:59:11:549    2201010707l262
08:59:11:596    2201010707l261
08:59:11:655    2201010707l260
08:59:11:698    2201010707l259
08:59:11:763    2201010707l258
08:59:11:811    2201010707l257
08:59:12:403    2201010707l256
08:59:12:458    2201010707l255
08:59:12:801    2201010707l254
08:59:12:848    34020107027429
08:59:12:916    34020107027428
08:59:12:986    34020107027427
08:59:13:043    2101010701c508
08:59:13:096    42033905017616
08:59:13:142    32110105017153
08:59:13:196    41070105017180
08:59:13:243    42013805017141
08:59:13:318    45021705019640
08:59:13:400    42130205017680
08:59:14:070    22010305018073
08:59:14:109    45021705019639
08:59:14:186    51012805017102
08:59:14:261    32010705017494
08:59:14:341    42130205017679
08:59:14:382    44190109017068
08:59:15:319    32010305017371
08:59:15:878    32010305017370
08:59:15:952    08401806277008
08:59:16:012    08401802277022
08:59:16:048    08401802277021
08:59:17:794    34010405017618
08:59:17:826    34010405017617
08:59:18:126    34010405017616
08:59:18:547    34010405017615
08:59:18:596    08401802277020
08:59:18:965    34010405017614
08:59:19:348    34010405017613
08:59:19:707    34010405017612
08:59:19:735    34010405017611
08:59:20:101    34010405017610
08:59:20:211    08401802277019
08:59:20:249    34010405017609
08:59:20:353    37110805017417
08:59:20:427    34010405017608
08:59:20:472    34010405017607
08:59:21:033    34010405017606
08:59:21:070    34010405017605
08:59:21:110    34010405017604
08:59:21:146    37072405037176
08:59:21:188    34010405017603
08:59:21:233    37072405037175
08:59:21:272    34010405017602
08:59:21:836    34010405017601
08:59:22:511    34010405017600
08:59:22:583    32110105017152
08:59:22:617    34010405017599
08:59:22:649    34010405017598
08:59:22:695    34010405017597
08:59:23:809    42035405017004
08:59:23:874    42035405017003
08:59:23:949    42035405017002
08:59:24:369    42035405017001
08:59:24:704    42035403017022
08:59:24:744    32061305057007
08:59:24:838    42035403017021
08:59:24:888    42035403017020
08:59:24:944    32090107017746
08:59:27:065    42035403017019
08:59:28:480    42035403017018
08:59:28:553    42035403017017
08:59:28:596    32090107017745
08:59:28:641    42035403017016
08:59:28:683    42035403017015
08:59:28:734    42035403017014
08:59:29:081    42035403017013
08:59:29:111    37131105017782
08:59:29:168    51013103048558
08:59:29:199    51013103048557
08:59:29:572    51013103048556
08:59:30:146    51013103048555
08:59:30:171    51013103048554
08:59:32:539    51013103048553
08:59:32:581    51013103048552
08:59:32:611    51013103048551
08:59:32:973    51013103048550
08:59:33:008    51013103048549
08:59:33:048    51013103048548
08:59:33:081    37131105017781
08:59:33:116    32021505017086
08:59:33:157    42035403017012
08:59:33:200    42035403017011
08:59:33:599    42035403017010
08:59:33:645    42035403017009
08:59:33:702    42035403017008
08:59:33:740    42035403017007
08:59:33:780    42035403017006
08:59:33:828    42035403017005
08:59:33:869    42035403017004
08:59:33:921    42035403017003
08:59:35:031    42035403017002
08:59:35:064    37071105018034
08:59:35:097    11000805017099
08:59:35:134    11000805017098
08:59:35:175    42035205017013
08:59:35:242    43013405057010
08:59:35:725    44074409017052
08:59:35:784    15020309017004
08:59:35:835    15020305017042
08:59:35:871    15020305017041
08:59:35:902    43020806017055
08:59:35:965    15020305017040
08:59:36:010    51201102037037
08:59:36:045    34161409037049
08:59:36:076    44060405017598
08:59:36:424    42013105027015
08:59:36:460    42011709017013
08:59:36:498    42033901017203
08:59:36:668    42033901017202
08:59:36:717    32090107017744
08:59:36:747    36010206017042
08:59:36:779    34161409037048
08:59:36:820    32050406017952
08:59:36:854    32050406017951
08:59:36:906    42133505019377
08:59:36:962    51201104017032
08:59:37:345    34161409037047
08:59:37:376    42135205027020
08:59:37:419    36020311017002
08:59:37:459    32010105018079
08:59:37:865    36020311017003
08:59:37:908    32010105018077
08:59:38:287    32010105018076
08:59:38:322    32010105018075
08:59:38:360    32010105018074
08:59:38:395    32010105018078
08:59:39:391    32010105018073
08:59:39:652    4213400502a188
08:59:40:103    32010105018072
08:59:40:138    32010105018071
08:59:40:210    32010105018070
08:59:40:283    44030509017112
08:59:40:322    44030509017111
08:59:40:364    36020207017026
08:59:40:416    36020207017027
08:59:40:465    11002701017476
08:59:40:519    11002701017475
08:59:40:901    37080r09047035
08:59:40:935    37080r09047036
08:59:41:045    37080r09047037
08:59:41:086    37080r09047038
08:59:41:141    37080r09047039
08:59:41:718    45021705019638
08:59:42:663    37023905017010
08:59:42:692    37023905017011
08:59:44:124    37023905017009
08:59:44:231    32011705017020
08:59:44:265    50000604017213
08:59:44:318    22013006017031
08:59:44:348    34010205018522
08:59:44:433    34010205018521
08:59:44:780    34010205018520
08:59:44:823    34010205018519
08:59:44:866    34010205018518
08:59:44:898    34010205018517
08:59:44:941    34010205018516
08:59:46:511    34010205018515
08:59:46:545    34010205018514
08:59:46:600    34010205018513
08:59:46:664    34010203017396
08:59:46:704    34010203017395
08:59:46:751    34010203017394
08:59:47:483    34010203017393
08:59:48:984    34010203017392
08:59:49:019    34010203017391
08:59:49:077    34010203017390
08:59:49:118    34010203017389
08:59:51:315    34010203017388
08:59:51:346    34010201017579
08:59:51:936    34010201017578
08:59:51:983    34010201017577
08:59:52:010    34010201017576
08:59:52:052    34010201017575
08:59:52:078    34010201017574
08:59:52:115    11000809017027
08:59:52:163    37084809017034
08:59:52:207    42031905437108
08:59:52:246    50008201027207
08:59:52:284    50008201027206
08:59:52:336    45021705019637
08:59:52:684    41130405017054
08:59:52:715    42033805027074
08:59:52:810    34010204017359
08:59:52:845    34010204017358
08:59:52:907    34010204017357
08:59:52:938    34010204017356
08:59:52:988    34010204017355
08:59:53:035    34010204017354
08:59:53:078    34010204017353
08:59:53:484    34010204017352
08:59:53:529    34010204017351
08:59:53:573    34010204017350
08:59:53:724    34010204017349
08:59:53:770    34010204017348
08:59:53:806    34010204017347
08:59:53:852    34010204017346
08:59:53:892    34010204017345
08:59:53:993    34010204017344
08:59:54:034    34010204017343
08:59:54:430    34010204017342
08:59:54:470    34010204017341
08:59:54:823    34010204017340
08:59:54:868    42033805027073
08:59:54:902    51090502067074
08:59:56:439    43010505017466
08:59:56:478    32100305017109
08:59:56:886    45021705019636
08:59:56:939    32010705017493
08:59:56:984    37160105017006
08:59:57:326    42010107017390
08:59:57:367    42010107017389
08:59:57:783    37071105018033
08:59:57:869    62011605017015
08:59:58:266    41030409017261
08:59:58:303    00000006007426
08:59:58:666    42014705017008
08:59:58:717    42014705017007
08:59:58:766    42014705017006
08:59:59:338    45021705019635
08:59:59:401    41080709017034
08:59:59:965    0000000200mh45
09:00:00:028    41080709017033
09:00:00:144    41080709017032
09:00:00:194    21080509027051
09:00:02:577    37083109017215
09:00:02:610    0000000700d437
09:00:02:653    23060705027015
09:00:02:685    35020206017993
09:00:02:731    21080509027050
09:00:02:792    37089909017105
09:00:02:835    37089909017104
09:00:02:879    37089909017103
09:00:02:924    13090109017375
09:00:02:968    13090109017374
09:00:02:998    00000006007425
09:00:03:037    0000000200mh44
09:00:03:087    37030605017001
09:00:03:126    37131105017780
09:00:03:201    35011709017042
09:00:03:235    35011709017041
09:00:03:304    35011709017040
09:00:03:342    00000006007424
09:00:04:444    37013505127946
09:00:05:343    0000000700d436
09:00:05:401    37071105018032
09:00:05:440    0000000200mh43
09:00:06:338    44031305067018
09:00:06:404    44060505017011
09:00:06:953    37082309017219
09:00:06:994    37170509017083
09:00:07:030    37170509017082
09:00:08:113    37170509017081
09:00:08:171    37170509017080
09:00:08:545    45021705019634
09:00:08:624    37170509017079
09:00:08:668    37170509017078
09:00:08:877    37087809017061
09:00:08:940    37087809017060
09:00:09:045    37087809017059
09:00:10:063    37087809017058
09:00:10:126    37087809017057
09:00:10:722    0000000200mh42
09:00:10:819    37087809017056
09:00:10:884    00000001007710
09:00:11:597    37071105018031
09:00:11:640    45021605017226
09:00:11:680    45021605017225
09:00:11:757    45021605017224
09:00:11:820    45021605017223
09:00:11:863    45021605017222
14:41:50:106    1
14:42:35:321    1
14:43:15:383    34020709017407
