14:16:17:452    车辆发票VIN-LS5A2AJXXGA000282.jpg发票导入重名，失败原因：文件“D:\Project Codes\新能源汽车清算填报系统\src\Catarc.Adc.NewEnergyAccountSys\Catarc.Adc.NewEnergyAccountSys\bin\Debug\IMAGE\IMAGEBill\车辆发票VIN-LS5A2AJXXGA000282.jpg”已经存在。
14:16:17:459    车辆发票VIN-LS5A2AJXXGA000346.jpg发票导入重名，失败原因：文件“D:\Project Codes\新能源汽车清算填报系统\src\Catarc.Adc.NewEnergyAccountSys\Catarc.Adc.NewEnergyAccountSys\bin\Debug\IMAGE\IMAGEBill\车辆发票VIN-LS5A2AJXXGA000346.jpg”已经存在。
14:16:17:532    行驶证VIN-LS5A2AJXXGA000282.jpg行驶证导入重名，失败原因：文件“D:\Project Codes\新能源汽车清算填报系统\src\Catarc.Adc.NewEnergyAccountSys\Catarc.Adc.NewEnergyAccountSys\bin\Debug\IMAGE\IMAGEDrive\行驶证VIN-LS5A2AJXXGA000282.jpg”已经存在。
14:16:17:544    行驶证VIN-LS5A2AJXXGA000346.jpg行驶证导入重名，失败原因：文件“D:\Project Codes\新能源汽车清算填报系统\src\Catarc.Adc.NewEnergyAccountSys\Catarc.Adc.NewEnergyAccountSys\bin\Debug\IMAGE\IMAGEDrive\行驶证VIN-LS5A2AJXXGA000346.jpg”已经存在。
14:18:25:241    车辆发票VIN-LS5A2AJXXGA000282.jpeg发票导入重名，失败原因：文件“D:\Project Codes\新能源汽车清算填报系统\src\Catarc.Adc.NewEnergyAccountSys\Catarc.Adc.NewEnergyAccountSys\bin\Debug\IMAGE\IMAGEBill\车辆发票VIN-LS5A2AJXXGA000282.jpg”已经存在。
14:18:25:248    车辆发票VIN-LS5A2AJXXGA000346.bmp发票导入重名，失败原因：文件“D:\Project Codes\新能源汽车清算填报系统\src\Catarc.Adc.NewEnergyAccountSys\Catarc.Adc.NewEnergyAccountSys\bin\Debug\IMAGE\IMAGEBill\车辆发票VIN-LS5A2AJXXGA000346.jpg”已经存在。
14:18:25:266    行驶证VIN-LS5A2AJXXGA000282.bmp行驶证导入重名，失败原因：文件“D:\Project Codes\新能源汽车清算填报系统\src\Catarc.Adc.NewEnergyAccountSys\Catarc.Adc.NewEnergyAccountSys\bin\Debug\IMAGE\IMAGEDrive\行驶证VIN-LS5A2AJXXGA000282.jpg”已经存在。
14:18:25:278    行驶证VIN-LS5A2AJXXGA000346.jpg行驶证导入重名，失败原因：文件“D:\Project Codes\新能源汽车清算填报系统\src\Catarc.Adc.NewEnergyAccountSys\Catarc.Adc.NewEnergyAccountSys\bin\Debug\IMAGE\IMAGEDrive\行驶证VIN-LS5A2AJXXGA000346.jpg”已经存在。
14:28:47:428    车辆发票VIN-LS5A2AJXXGA000282.jpeg发票导入重名，失败原因：文件“D:\Project Codes\新能源汽车清算填报系统\src\Catarc.Adc.NewEnergyAccountSys\Catarc.Adc.NewEnergyAccountSys\bin\Debug\IMAGE\IMAGEBill\车辆发票VIN-LS5A2AJXXGA000282.jpg”已经存在。
14:28:47:436    车辆发票VIN-LS5A2AJXXGA000346.bmp发票导入重名，失败原因：文件“D:\Project Codes\新能源汽车清算填报系统\src\Catarc.Adc.NewEnergyAccountSys\Catarc.Adc.NewEnergyAccountSys\bin\Debug\IMAGE\IMAGEBill\车辆发票VIN-LS5A2AJXXGA000346.jpg”已经存在。
14:28:47:442    行驶证VIN-LS5A2AJXXGA000282.bmp行驶证导入重名，失败原因：文件“D:\Project Codes\新能源汽车清算填报系统\src\Catarc.Adc.NewEnergyAccountSys\Catarc.Adc.NewEnergyAccountSys\bin\Debug\IMAGE\IMAGEDrive\行驶证VIN-LS5A2AJXXGA000282.jpg”已经存在。
14:28:47:446    行驶证VIN-LS5A2AJXXGA000346.jpg行驶证导入重名，失败原因：文件“D:\Project Codes\新能源汽车清算填报系统\src\Catarc.Adc.NewEnergyAccountSys\Catarc.Adc.NewEnergyAccountSys\bin\Debug\IMAGE\IMAGEDrive\行驶证VIN-LS5A2AJXXGA000346.jpg”已经存在。
14:32:09:851    车辆发票VIN-LS5A2AJXXGA000282.jpeg发票导入重名，失败原因：文件“D:\Project Codes\新能源汽车清算填报系统\src\Catarc.Adc.NewEnergyAccountSys\Catarc.Adc.NewEnergyAccountSys\bin\Debug\IMAGE\IMAGEBill\车辆发票VIN-LS5A2AJXXGA000282.jpg”已经存在。
14:32:09:857    车辆发票VIN-LS5A2AJXXGA000346.bmp发票导入重名，失败原因：文件“D:\Project Codes\新能源汽车清算填报系统\src\Catarc.Adc.NewEnergyAccountSys\Catarc.Adc.NewEnergyAccountSys\bin\Debug\IMAGE\IMAGEBill\车辆发票VIN-LS5A2AJXXGA000346.jpg”已经存在。
14:32:09:861    行驶证VIN-LS5A2AJXXGA000282.bmp行驶证导入重名，失败原因：文件“D:\Project Codes\新能源汽车清算填报系统\src\Catarc.Adc.NewEnergyAccountSys\Catarc.Adc.NewEnergyAccountSys\bin\Debug\IMAGE\IMAGEDrive\行驶证VIN-LS5A2AJXXGA000282.jpg”已经存在。
14:32:09:863    行驶证VIN-LS5A2AJXXGA000346.jpg行驶证导入重名，失败原因：文件“D:\Project Codes\新能源汽车清算填报系统\src\Catarc.Adc.NewEnergyAccountSys\Catarc.Adc.NewEnergyAccountSys\bin\Debug\IMAGE\IMAGEDrive\行驶证VIN-LS5A2AJXXGA000346.jpg”已经存在。
14:35:34:939    车辆发票VIN-LS5A2AJXXGA000282.jpeg发票导入重名，失败原因：文件“D:\Project Codes\新能源汽车清算填报系统\src\Catarc.Adc.NewEnergyAccountSys\Catarc.Adc.NewEnergyAccountSys\bin\Debug\IMAGE\IMAGEBill\车辆发票VIN-LS5A2AJXXGA000282.jpg”已经存在。
14:35:34:949    车辆发票VIN-LS5A2AJXXGA000346.bmp发票导入重名，失败原因：文件“D:\Project Codes\新能源汽车清算填报系统\src\Catarc.Adc.NewEnergyAccountSys\Catarc.Adc.NewEnergyAccountSys\bin\Debug\IMAGE\IMAGEBill\车辆发票VIN-LS5A2AJXXGA000346.jpg”已经存在。
14:35:34:959    行驶证VIN-LS5A2AJXXGA000282.bmp行驶证导入重名，失败原因：文件“D:\Project Codes\新能源汽车清算填报系统\src\Catarc.Adc.NewEnergyAccountSys\Catarc.Adc.NewEnergyAccountSys\bin\Debug\IMAGE\IMAGEDrive\行驶证VIN-LS5A2AJXXGA000282.jpg”已经存在。
14:35:34:966    行驶证VIN-LS5A2AJXXGA000346.jpg行驶证导入重名，失败原因：文件“D:\Project Codes\新能源汽车清算填报系统\src\Catarc.Adc.NewEnergyAccountSys\Catarc.Adc.NewEnergyAccountSys\bin\Debug\IMAGE\IMAGEDrive\行驶证VIN-LS5A2AJXXGA000346.jpg”已经存在。
